#
# A fatal error has been detected by the Java Runtime Environment:
#
#  EXCEPTION_ACCESS_VIOLATION (0xc0000005) at pc=0x00007ffab9cebde7, pid=22452, tid=20996
#
# JRE version: Java(TM) SE Runtime Environment (13.0.2+8) (build 13.0.2+8)
# Java VM: Java HotSpot(TM) 64-Bit Server VM (13.0.2+8, mixed mode, sharing, tiered, compressed oops, g1 gc, windows-amd64)
# Problematic frame:
# C  [ig9icd64.dll+0x12bde7]
#
# No core dump will be written. Minidumps are not enabled by default on client versions of Windows
#
# If you would like to submit a bug report, please visit:
#   http://bugreport.java.com/bugreport/crash.jsp
# The crash happened outside the Java Virtual Machine in native code.
# See problematic frame for where to report the bug.
#

---------------  S U M M A R Y ------------

Command Line: -Dfile.encoding=windows-1252 -Duser.country=FR -Duser.language=fr -Duser.variant -ea Main

Host: Intel(R) Core(TM) i5-8300H CPU @ 2.30GHz, 8 cores, 7G,  Windows 10 , 64 bit Build 18362 (10.0.18362.1110)
Time: Tue Nov 10 13:01:23 2020 Paris, Madrid elapsed time: 0 seconds (0d 0h 0m 0s)

---------------  T H R E A D  ---------------

Current thread (0x000001cc2e3b2800):  JavaThread "main" [_thread_in_native, id=20996, stack(0x000000459a500000,0x000000459a600000)]

Stack: [0x000000459a500000,0x000000459a600000],  sp=0x000000459a5fe090,  free space=1016k
Native frames: (J=compiled Java code, j=interpreted, Vv=VM code, C=native code)
C  [ig9icd64.dll+0x12bde7]

Java frames: (J=compiled Java code, j=interpreted, Vv=VM code)
j  org.lwjgl.opengl.GL11C.nglTexImage2D(IIIIIIIIJ)V+0
j  org.lwjgl.opengl.GL11C.glTexImage2D(IIIIIIIILjava/nio/ByteBuffer;)V+17
j  org.lwjgl.opengl.GL11.glTexImage2D(IIIIIIIILjava/nio/ByteBuffer;)V+14
j  renderer.Texture.<init>(Ljava/lang/String;)V+132
j  UnCommon.LevelEditorScene.init()V+45
j  UnCommon.Window.changeScene(I)V+41
j  UnCommon.Window.init()V+162
j  UnCommon.Window.run()V+15
j  Main.main([Ljava/lang/String;)V+5
v  ~StubRoutines::call_stub

siginfo: EXCEPTION_ACCESS_VIOLATION (0xc0000005), reading address 0x000001cc5a466000


Register to memory mapping:

RIP=0x00007ffab9cebde7 ig9icd64.dll
RAX=0x000000000000000c is an unknown value
RBX=0x000000459a5fe180 is pointing into the stack for thread: 0x000001cc2e3b2800
RCX=0x0 is NULL
RDX=0x000001cc5a465ff0 points into unknown readable memory: 00 60 46 5a cc 01 00 00
RSP=0x000000459a5fe090 is pointing into the stack for thread: 0x000001cc2e3b2800
RBP=0x000000000000002e is an unknown value
RSI=0x000001cc5597ec80 points into unknown readable memory: 03 00 00 00 03 00 00 00
RDI=0x000001cc5597f280 points into unknown readable memory: 00 00 00 00 00 00 00 00
R8 =0x0000000000000790 is an unknown value
R9 =0x000000000000000f is an unknown value
R10=0x000000000000000d is an unknown value
R11=0x000001cc4e0849a4 points into unknown readable memory: 00 00 00 00
R12=0x0 is NULL
R13=0x000000459a5fe310 is pointing into the stack for thread: 0x000001cc2e3b2800
R14=0x0000000000000790 is an unknown value
R15=0x00000000000001c1 is an unknown value


Registers:
RAX=0x000000000000000c, RBX=0x000000459a5fe180, RCX=0x0000000000000000, RDX=0x000001cc5a465ff0
RSP=0x000000459a5fe090, RBP=0x000000000000002e, RSI=0x000001cc5597ec80, RDI=0x000001cc5597f280
R8 =0x0000000000000790, R9 =0x000000000000000f, R10=0x000000000000000d, R11=0x000001cc4e0849a4
R12=0x0000000000000000, R13=0x000000459a5fe310, R14=0x0000000000000790, R15=0x00000000000001c1
RIP=0x00007ffab9cebde7, EFLAGS=0x0000000000010203

Top of Stack: (sp=0x000000459a5fe090)
0x000000459a5fe090:   0000000000000000 0000000000000000
0x000000459a5fe0a0:   0000000000000000 0000000000000000
0x000000459a5fe0b0:   000001cc5a4659f0 00007ffaba054460
0x000000459a5fe0c0:   000001e40000023d 000001cc5a36d010
0x000000459a5fe0d0:   00007ffaba054090 000000459a5fe310
0x000000459a5fe0e0:   0000000000000000 00007ffaba056ce3
0x000000459a5fe0f0:   000000459a5fe1f0 000000459a5fe2d0
0x000000459a5fe100:   000001cc55880000 00007ffaba055390
0x000000459a5fe110:   40001e4040000049 0000000000000001
0x000000459a5fe120:   000001cc5a36d010 0000000100000200
0x000000459a5fe130:   0000000000000000 00007ffab9bdfb55
0x000000459a5fe140:   000001cc4e1cad80 0000000000000001
0x000000459a5fe150:   000001cc4df31ff0 0000000000000001
0x000000459a5fe160:   0000000000000000 0000000000000000
0x000000459a5fe170:   000000009a5fe200 000001cc4e336370
0x000000459a5fe180:   00007ffaba5b2e18 000001cc4e06bcc0 

Instructions: (pc=0x00007ffab9cebde7)
0x00007ffab9cebce7:   66 0f 60 c0 66 0f 61 c0 66 0f 70 c0 00 66 0f 64
0x00007ffab9cebcf7:   c8 66 0f f7 d1 49 03 f9 41 8b c1 44 8b d1 4c 2b
0x00007ffab9cebd07:   c0 0f 29 74 24 10 4d 8b c8 0f 29 3c 24 49 c1 e9
0x00007ffab9cebd17:   07 f6 c2 0f 0f 84 af 00 00 00 4d 85 c9 74 6b 66
0x00007ffab9cebd27:   66 0f 1f 84 00 00 00 00 00 f3 0f 6f 3a 41 ff c2
0x00007ffab9cebd37:   f3 0f 6f 72 10 41 8b c2 f3 0f 6f 6a 20 f3 0f 6f
0x00007ffab9cebd47:   62 30 f3 0f 6f 5a 40 f3 0f 6f 52 50 f3 0f 6f 4a
0x00007ffab9cebd57:   60 f3 0f 6f 42 70 66 0f e7 3f 66 0f e7 77 10 66
0x00007ffab9cebd67:   0f e7 6f 20 66 0f e7 67 30 66 0f e7 5f 40 66 0f
0x00007ffab9cebd77:   e7 57 50 66 0f e7 4f 60 66 0f e7 47 70 48 83 ef
0x00007ffab9cebd87:   80 48 83 ea 80 49 3b c1 72 9f 41 83 e0 7f 0f 84
0x00007ffab9cebd97:   e0 00 00 00 45 8b d0 44 8b c9 49 c1 ea 04 4d 85
0x00007ffab9cebda7:   d2 0f 84 cd 00 00 00 66 90 f3 0f 6f 02 41 ff c1
0x00007ffab9cebdb7:   48 83 c2 10 41 8b c1 66 0f e7 07 48 83 c7 10 49
0x00007ffab9cebdc7:   3b c2 72 e5 e9 ab 00 00 00 4d 85 c9 74 6c 66 66
0x00007ffab9cebdd7:   66 0f 1f 84 00 00 00 00 00 f3 0f 6f 3a 41 ff c2
0x00007ffab9cebde7:   f3 0f 6f 72 10 f3 0f 6f 6a 20 f3 0f 6f 62 30 f3
0x00007ffab9cebdf7:   0f 6f 5a 40 f3 0f 6f 52 50 f3 0f 6f 4a 60 f3 0f
0x00007ffab9cebe07:   6f 42 70 48 83 ea 80 66 0f e7 3f 66 0f e7 77 10
0x00007ffab9cebe17:   66 0f e7 6f 20 66 0f e7 67 30 66 0f e7 5f 40 66
0x00007ffab9cebe27:   0f e7 57 50 66 0f e7 4f 60 66 0f e7 47 70 48 83
0x00007ffab9cebe37:   ef 80 41 8b c2 49 3b c1 72 9f 41 83 e0 7f 74 34
0x00007ffab9cebe47:   45 8b d0 44 8b c9 49 c1 ea 04 4d 85 d2 74 25 66
0x00007ffab9cebe57:   66 0f 1f 84 00 00 00 00 00 f3 0f 6f 02 41 ff c1
0x00007ffab9cebe67:   66 0f e7 07 48 83 c7 10 41 8b c1 48 83 c2 10 49
0x00007ffab9cebe77:   3b c2 72 e5 0f 28 74 24 10 0f 28 3c 24 41 83 e0
0x00007ffab9cebe87:   0f 74 49 45 8b d0 44 8b c9 49 c1 ea 02 4d 85 d2
0x00007ffab9cebe97:   74 1e 0f 1f 80 00 00 00 00 8b 02 41 ff c1 89 07
0x00007ffab9cebea7:   48 83 c2 04 48 83 c7 04 41 8b c1 49 3b c2 72 e9
0x00007ffab9cebeb7:   41 83 e0 03 76 16 48 2b d7 0f b6 04 3a ff c1 88
0x00007ffab9cebec7:   07 48 8d 7f 01 8b c1 49 3b c0 72 ed 48 83 c4 20
0x00007ffab9cebed7:   5f c3 cc cc cc cc cc cc cc 8b 01 83 c0 f2 83 f8 


Stack slot to memory mapping:
stack at sp + 0 slots: 0x0 is NULL
stack at sp + 1 slots: 0x0 is NULL
stack at sp + 2 slots: 0x0 is NULL
stack at sp + 3 slots: 0x0 is NULL
stack at sp + 4 slots: 0x000001cc5a4659f0 points into unknown readable memory: 03 00 00 00 03 00 00 00
stack at sp + 5 slots: 0x00007ffaba054460 ig9icd64.dll
stack at sp + 6 slots: 0x000001e40000023d is an unknown value
stack at sp + 7 slots: 0x000001cc5a36d010 points into unknown readable memory: f6 f4 f7 f4 f2 f7 f1 f0


---------------  P R O C E S S  ---------------

Threads class SMR info:
_java_thread_list=0x000001cc4e18e630, length=11, elements={
0x000001cc2e3b2800, 0x000001cc4d247800, 0x000001cc4d24b000, 0x000001cc4db97800,
0x000001cc4db98800, 0x000001cc4db99800, 0x000001cc4db9a800, 0x000001cc4db9f800,
0x000001cc4dcda000, 0x000001cc4dcdf800, 0x000001cc4e374800
}

Java Threads: ( => current thread )
=>0x000001cc2e3b2800 JavaThread "main" [_thread_in_native, id=20996, stack(0x000000459a500000,0x000000459a600000)]
  0x000001cc4d247800 JavaThread "Reference Handler" daemon [_thread_blocked, id=7944, stack(0x000000459ac00000,0x000000459ad00000)]
  0x000001cc4d24b000 JavaThread "Finalizer" daemon [_thread_blocked, id=16540, stack(0x000000459ad00000,0x000000459ae00000)]
  0x000001cc4db97800 JavaThread "Signal Dispatcher" daemon [_thread_blocked, id=12092, stack(0x000000459ae00000,0x000000459af00000)]
  0x000001cc4db98800 JavaThread "Attach Listener" daemon [_thread_blocked, id=1876, stack(0x000000459af00000,0x000000459b000000)]
  0x000001cc4db99800 JavaThread "C2 CompilerThread0" daemon [_thread_blocked, id=20748, stack(0x000000459b000000,0x000000459b100000)]
  0x000001cc4db9a800 JavaThread "C1 CompilerThread0" daemon [_thread_blocked, id=12312, stack(0x000000459b100000,0x000000459b200000)]
  0x000001cc4db9f800 JavaThread "Sweeper thread" daemon [_thread_blocked, id=10616, stack(0x000000459b200000,0x000000459b300000)]
  0x000001cc4dcda000 JavaThread "Service Thread" daemon [_thread_blocked, id=10468, stack(0x000000459b300000,0x000000459b400000)]
  0x000001cc4dcdf800 JavaThread "Common-Cleaner" daemon [_thread_blocked, id=21332, stack(0x000000459b500000,0x000000459b600000)]
  0x000001cc4e374800 JavaThread "C2 CompilerThread1" daemon [_thread_blocked, id=18200, stack(0x000000459bb00000,0x000000459bc00000)]

Other Threads:
  0x000001cc4d220800 VMThread "VM Thread" [stack: 0x000000459ab00000,0x000000459ac00000] [id=11908]
  0x000001cc4dcdf000 WatcherThread [stack: 0x000000459b400000,0x000000459b500000] [id=17836]
  0x000001cc2e3f7800 GCTaskThread "GC Thread#0" [stack: 0x000000459a600000,0x000000459a700000] [id=10412]
  0x000001cc2e409000 ConcurrentGCThread "G1 Main Marker" [stack: 0x000000459a700000,0x000000459a800000] [id=9760]
  0x000001cc2e40a800 ConcurrentGCThread "G1 Conc#0" [stack: 0x000000459a800000,0x000000459a900000] [id=3244]
  0x000001cc4d09c800 ConcurrentGCThread "G1 Refine#0" [stack: 0x000000459a900000,0x000000459aa00000] [id=17164]
  0x000001cc4d09e000 ConcurrentGCThread "G1 Young RemSet Sampling" [stack: 0x000000459aa00000,0x000000459ab00000] [id=10988]

Threads with active compile tasks:

VM state:not at safepoint (normal execution)

VM Mutex/Monitor currently owned by a thread: None

Heap address: 0x0000000082e00000, size: 2002 MB, Compressed Oops mode: 32-bit
Narrow klass base: 0x0000000800000000, Narrow klass shift: 3
Compressed class space size: 1073741824 Address: 0x0000000800b40000

Heap:
 garbage-first heap   total 129024K, used 17408K [0x0000000082e00000, 0x0000000100000000)
  region size 1024K, 19 young (19456K), 0 survivors (0K)
 Metaspace       used 5762K, capacity 8855K, committed 9088K, reserved 1058816K
  class space    used 290K, capacity 618K, committed 640K, reserved 1048576K
Heap Regions: E=young(eden), S=young(survivor), O=old, HS=humongous(starts), HC=humongous(continues), CS=collection set, F=free, A=archive, TAMS=top-at-mark-start (previous, next)
|   0|0x0000000082e00000, 0x0000000082e00000, 0x0000000082f00000|  0%| F|  |TAMS 0x0000000082e00000, 0x0000000082e00000| Untracked 
|   1|0x0000000082f00000, 0x0000000082f00000, 0x0000000083000000|  0%| F|  |TAMS 0x0000000082f00000, 0x0000000082f00000| Untracked 
|   2|0x0000000083000000, 0x0000000083000000, 0x0000000083100000|  0%| F|  |TAMS 0x0000000083000000, 0x0000000083000000| Untracked 
|   3|0x0000000083100000, 0x0000000083100000, 0x0000000083200000|  0%| F|  |TAMS 0x0000000083100000, 0x0000000083100000| Untracked 
|   4|0x0000000083200000, 0x0000000083200000, 0x0000000083300000|  0%| F|  |TAMS 0x0000000083200000, 0x0000000083200000| Untracked 
|   5|0x0000000083300000, 0x0000000083300000, 0x0000000083400000|  0%| F|  |TAMS 0x0000000083300000, 0x0000000083300000| Untracked 
|   6|0x0000000083400000, 0x0000000083400000, 0x0000000083500000|  0%| F|  |TAMS 0x0000000083400000, 0x0000000083400000| Untracked 
|   7|0x0000000083500000, 0x0000000083500000, 0x0000000083600000|  0%| F|  |TAMS 0x0000000083500000, 0x0000000083500000| Untracked 
|   8|0x0000000083600000, 0x0000000083600000, 0x0000000083700000|  0%| F|  |TAMS 0x0000000083600000, 0x0000000083600000| Untracked 
|   9|0x0000000083700000, 0x0000000083700000, 0x0000000083800000|  0%| F|  |TAMS 0x0000000083700000, 0x0000000083700000| Untracked 
|  10|0x0000000083800000, 0x0000000083800000, 0x0000000083900000|  0%| F|  |TAMS 0x0000000083800000, 0x0000000083800000| Untracked 
|  11|0x0000000083900000, 0x0000000083900000, 0x0000000083a00000|  0%| F|  |TAMS 0x0000000083900000, 0x0000000083900000| Untracked 
|  12|0x0000000083a00000, 0x0000000083a00000, 0x0000000083b00000|  0%| F|  |TAMS 0x0000000083a00000, 0x0000000083a00000| Untracked 
|  13|0x0000000083b00000, 0x0000000083b00000, 0x0000000083c00000|  0%| F|  |TAMS 0x0000000083b00000, 0x0000000083b00000| Untracked 
|  14|0x0000000083c00000, 0x0000000083c00000, 0x0000000083d00000|  0%| F|  |TAMS 0x0000000083c00000, 0x0000000083c00000| Untracked 
|  15|0x0000000083d00000, 0x0000000083d00000, 0x0000000083e00000|  0%| F|  |TAMS 0x0000000083d00000, 0x0000000083d00000| Untracked 
|  16|0x0000000083e00000, 0x0000000083e00000, 0x0000000083f00000|  0%| F|  |TAMS 0x0000000083e00000, 0x0000000083e00000| Untracked 
|  17|0x0000000083f00000, 0x0000000083f00000, 0x0000000084000000|  0%| F|  |TAMS 0x0000000083f00000, 0x0000000083f00000| Untracked 
|  18|0x0000000084000000, 0x0000000084000000, 0x0000000084100000|  0%| F|  |TAMS 0x0000000084000000, 0x0000000084000000| Untracked 
|  19|0x0000000084100000, 0x0000000084100000, 0x0000000084200000|  0%| F|  |TAMS 0x0000000084100000, 0x0000000084100000| Untracked 
|  20|0x0000000084200000, 0x0000000084200000, 0x0000000084300000|  0%| F|  |TAMS 0x0000000084200000, 0x0000000084200000| Untracked 
|  21|0x0000000084300000, 0x0000000084300000, 0x0000000084400000|  0%| F|  |TAMS 0x0000000084300000, 0x0000000084300000| Untracked 
|  22|0x0000000084400000, 0x0000000084400000, 0x0000000084500000|  0%| F|  |TAMS 0x0000000084400000, 0x0000000084400000| Untracked 
|  23|0x0000000084500000, 0x0000000084500000, 0x0000000084600000|  0%| F|  |TAMS 0x0000000084500000, 0x0000000084500000| Untracked 
|  24|0x0000000084600000, 0x0000000084600000, 0x0000000084700000|  0%| F|  |TAMS 0x0000000084600000, 0x0000000084600000| Untracked 
|  25|0x0000000084700000, 0x0000000084700000, 0x0000000084800000|  0%| F|  |TAMS 0x0000000084700000, 0x0000000084700000| Untracked 
|  26|0x0000000084800000, 0x0000000084800000, 0x0000000084900000|  0%| F|  |TAMS 0x0000000084800000, 0x0000000084800000| Untracked 
|  27|0x0000000084900000, 0x0000000084900000, 0x0000000084a00000|  0%| F|  |TAMS 0x0000000084900000, 0x0000000084900000| Untracked 
|  28|0x0000000084a00000, 0x0000000084a00000, 0x0000000084b00000|  0%| F|  |TAMS 0x0000000084a00000, 0x0000000084a00000| Untracked 
|  29|0x0000000084b00000, 0x0000000084b00000, 0x0000000084c00000|  0%| F|  |TAMS 0x0000000084b00000, 0x0000000084b00000| Untracked 
|  30|0x0000000084c00000, 0x0000000084c00000, 0x0000000084d00000|  0%| F|  |TAMS 0x0000000084c00000, 0x0000000084c00000| Untracked 
|  31|0x0000000084d00000, 0x0000000084d00000, 0x0000000084e00000|  0%| F|  |TAMS 0x0000000084d00000, 0x0000000084d00000| Untracked 
|  32|0x0000000084e00000, 0x0000000084e00000, 0x0000000084f00000|  0%| F|  |TAMS 0x0000000084e00000, 0x0000000084e00000| Untracked 
|  33|0x0000000084f00000, 0x0000000084f00000, 0x0000000085000000|  0%| F|  |TAMS 0x0000000084f00000, 0x0000000084f00000| Untracked 
|  34|0x0000000085000000, 0x0000000085000000, 0x0000000085100000|  0%| F|  |TAMS 0x0000000085000000, 0x0000000085000000| Untracked 
|  35|0x0000000085100000, 0x0000000085100000, 0x0000000085200000|  0%| F|  |TAMS 0x0000000085100000, 0x0000000085100000| Untracked 
|  36|0x0000000085200000, 0x0000000085200000, 0x0000000085300000|  0%| F|  |TAMS 0x0000000085200000, 0x0000000085200000| Untracked 
|  37|0x0000000085300000, 0x0000000085300000, 0x0000000085400000|  0%| F|  |TAMS 0x0000000085300000, 0x0000000085300000| Untracked 
|  38|0x0000000085400000, 0x0000000085400000, 0x0000000085500000|  0%| F|  |TAMS 0x0000000085400000, 0x0000000085400000| Untracked 
|  39|0x0000000085500000, 0x0000000085500000, 0x0000000085600000|  0%| F|  |TAMS 0x0000000085500000, 0x0000000085500000| Untracked 
|  40|0x0000000085600000, 0x0000000085600000, 0x0000000085700000|  0%| F|  |TAMS 0x0000000085600000, 0x0000000085600000| Untracked 
|  41|0x0000000085700000, 0x0000000085700000, 0x0000000085800000|  0%| F|  |TAMS 0x0000000085700000, 0x0000000085700000| Untracked 
|  42|0x0000000085800000, 0x0000000085800000, 0x0000000085900000|  0%| F|  |TAMS 0x0000000085800000, 0x0000000085800000| Untracked 
|  43|0x0000000085900000, 0x0000000085900000, 0x0000000085a00000|  0%| F|  |TAMS 0x0000000085900000, 0x0000000085900000| Untracked 
|  44|0x0000000085a00000, 0x0000000085a00000, 0x0000000085b00000|  0%| F|  |TAMS 0x0000000085a00000, 0x0000000085a00000| Untracked 
|  45|0x0000000085b00000, 0x0000000085b00000, 0x0000000085c00000|  0%| F|  |TAMS 0x0000000085b00000, 0x0000000085b00000| Untracked 
|  46|0x0000000085c00000, 0x0000000085c00000, 0x0000000085d00000|  0%| F|  |TAMS 0x0000000085c00000, 0x0000000085c00000| Untracked 
|  47|0x0000000085d00000, 0x0000000085d00000, 0x0000000085e00000|  0%| F|  |TAMS 0x0000000085d00000, 0x0000000085d00000| Untracked 
|  48|0x0000000085e00000, 0x0000000085e00000, 0x0000000085f00000|  0%| F|  |TAMS 0x0000000085e00000, 0x0000000085e00000| Untracked 
|  49|0x0000000085f00000, 0x0000000085f00000, 0x0000000086000000|  0%| F|  |TAMS 0x0000000085f00000, 0x0000000085f00000| Untracked 
|  50|0x0000000086000000, 0x0000000086000000, 0x0000000086100000|  0%| F|  |TAMS 0x0000000086000000, 0x0000000086000000| Untracked 
|  51|0x0000000086100000, 0x0000000086100000, 0x0000000086200000|  0%| F|  |TAMS 0x0000000086100000, 0x0000000086100000| Untracked 
|  52|0x0000000086200000, 0x0000000086200000, 0x0000000086300000|  0%| F|  |TAMS 0x0000000086200000, 0x0000000086200000| Untracked 
|  53|0x0000000086300000, 0x0000000086300000, 0x0000000086400000|  0%| F|  |TAMS 0x0000000086300000, 0x0000000086300000| Untracked 
|  54|0x0000000086400000, 0x0000000086400000, 0x0000000086500000|  0%| F|  |TAMS 0x0000000086400000, 0x0000000086400000| Untracked 
|  55|0x0000000086500000, 0x0000000086500000, 0x0000000086600000|  0%| F|  |TAMS 0x0000000086500000, 0x0000000086500000| Untracked 
|  56|0x0000000086600000, 0x0000000086600000, 0x0000000086700000|  0%| F|  |TAMS 0x0000000086600000, 0x0000000086600000| Untracked 
|  57|0x0000000086700000, 0x0000000086700000, 0x0000000086800000|  0%| F|  |TAMS 0x0000000086700000, 0x0000000086700000| Untracked 
|  58|0x0000000086800000, 0x0000000086800000, 0x0000000086900000|  0%| F|  |TAMS 0x0000000086800000, 0x0000000086800000| Untracked 
|  59|0x0000000086900000, 0x0000000086900000, 0x0000000086a00000|  0%| F|  |TAMS 0x0000000086900000, 0x0000000086900000| Untracked 
|  60|0x0000000086a00000, 0x0000000086a00000, 0x0000000086b00000|  0%| F|  |TAMS 0x0000000086a00000, 0x0000000086a00000| Untracked 
|  61|0x0000000086b00000, 0x0000000086b00000, 0x0000000086c00000|  0%| F|  |TAMS 0x0000000086b00000, 0x0000000086b00000| Untracked 
|  62|0x0000000086c00000, 0x0000000086c00000, 0x0000000086d00000|  0%| F|  |TAMS 0x0000000086c00000, 0x0000000086c00000| Untracked 
|  63|0x0000000086d00000, 0x0000000086d00000, 0x0000000086e00000|  0%| F|  |TAMS 0x0000000086d00000, 0x0000000086d00000| Untracked 
|  64|0x0000000086e00000, 0x0000000086e00000, 0x0000000086f00000|  0%| F|  |TAMS 0x0000000086e00000, 0x0000000086e00000| Untracked 
|  65|0x0000000086f00000, 0x0000000086f00000, 0x0000000087000000|  0%| F|  |TAMS 0x0000000086f00000, 0x0000000086f00000| Untracked 
|  66|0x0000000087000000, 0x0000000087000000, 0x0000000087100000|  0%| F|  |TAMS 0x0000000087000000, 0x0000000087000000| Untracked 
|  67|0x0000000087100000, 0x0000000087100000, 0x0000000087200000|  0%| F|  |TAMS 0x0000000087100000, 0x0000000087100000| Untracked 
|  68|0x0000000087200000, 0x0000000087200000, 0x0000000087300000|  0%| F|  |TAMS 0x0000000087200000, 0x0000000087200000| Untracked 
|  69|0x0000000087300000, 0x0000000087300000, 0x0000000087400000|  0%| F|  |TAMS 0x0000000087300000, 0x0000000087300000| Untracked 
|  70|0x0000000087400000, 0x0000000087400000, 0x0000000087500000|  0%| F|  |TAMS 0x0000000087400000, 0x0000000087400000| Untracked 
|  71|0x0000000087500000, 0x0000000087500000, 0x0000000087600000|  0%| F|  |TAMS 0x0000000087500000, 0x0000000087500000| Untracked 
|  72|0x0000000087600000, 0x0000000087600000, 0x0000000087700000|  0%| F|  |TAMS 0x0000000087600000, 0x0000000087600000| Untracked 
|  73|0x0000000087700000, 0x0000000087700000, 0x0000000087800000|  0%| F|  |TAMS 0x0000000087700000, 0x0000000087700000| Untracked 
|  74|0x0000000087800000, 0x0000000087800000, 0x0000000087900000|  0%| F|  |TAMS 0x0000000087800000, 0x0000000087800000| Untracked 
|  75|0x0000000087900000, 0x0000000087900000, 0x0000000087a00000|  0%| F|  |TAMS 0x0000000087900000, 0x0000000087900000| Untracked 
|  76|0x0000000087a00000, 0x0000000087a00000, 0x0000000087b00000|  0%| F|  |TAMS 0x0000000087a00000, 0x0000000087a00000| Untracked 
|  77|0x0000000087b00000, 0x0000000087b00000, 0x0000000087c00000|  0%| F|  |TAMS 0x0000000087b00000, 0x0000000087b00000| Untracked 
|  78|0x0000000087c00000, 0x0000000087c00000, 0x0000000087d00000|  0%| F|  |TAMS 0x0000000087c00000, 0x0000000087c00000| Untracked 
|  79|0x0000000087d00000, 0x0000000087d00000, 0x0000000087e00000|  0%| F|  |TAMS 0x0000000087d00000, 0x0000000087d00000| Untracked 
|  80|0x0000000087e00000, 0x0000000087e00000, 0x0000000087f00000|  0%| F|  |TAMS 0x0000000087e00000, 0x0000000087e00000| Untracked 
|  81|0x0000000087f00000, 0x0000000087f00000, 0x0000000088000000|  0%| F|  |TAMS 0x0000000087f00000, 0x0000000087f00000| Untracked 
|  82|0x0000000088000000, 0x0000000088000000, 0x0000000088100000|  0%| F|  |TAMS 0x0000000088000000, 0x0000000088000000| Untracked 
|  83|0x0000000088100000, 0x0000000088100000, 0x0000000088200000|  0%| F|  |TAMS 0x0000000088100000, 0x0000000088100000| Untracked 
|  84|0x0000000088200000, 0x0000000088200000, 0x0000000088300000|  0%| F|  |TAMS 0x0000000088200000, 0x0000000088200000| Untracked 
|  85|0x0000000088300000, 0x0000000088300000, 0x0000000088400000|  0%| F|  |TAMS 0x0000000088300000, 0x0000000088300000| Untracked 
|  86|0x0000000088400000, 0x0000000088400000, 0x0000000088500000|  0%| F|  |TAMS 0x0000000088400000, 0x0000000088400000| Untracked 
|  87|0x0000000088500000, 0x0000000088500000, 0x0000000088600000|  0%| F|  |TAMS 0x0000000088500000, 0x0000000088500000| Untracked 
|  88|0x0000000088600000, 0x0000000088600000, 0x0000000088700000|  0%| F|  |TAMS 0x0000000088600000, 0x0000000088600000| Untracked 
|  89|0x0000000088700000, 0x0000000088700000, 0x0000000088800000|  0%| F|  |TAMS 0x0000000088700000, 0x0000000088700000| Untracked 
|  90|0x0000000088800000, 0x0000000088800000, 0x0000000088900000|  0%| F|  |TAMS 0x0000000088800000, 0x0000000088800000| Untracked 
|  91|0x0000000088900000, 0x0000000088900000, 0x0000000088a00000|  0%| F|  |TAMS 0x0000000088900000, 0x0000000088900000| Untracked 
|  92|0x0000000088a00000, 0x0000000088a00000, 0x0000000088b00000|  0%| F|  |TAMS 0x0000000088a00000, 0x0000000088a00000| Untracked 
|  93|0x0000000088b00000, 0x0000000088b00000, 0x0000000088c00000|  0%| F|  |TAMS 0x0000000088b00000, 0x0000000088b00000| Untracked 
|  94|0x0000000088c00000, 0x0000000088c00000, 0x0000000088d00000|  0%| F|  |TAMS 0x0000000088c00000, 0x0000000088c00000| Untracked 
|  95|0x0000000088d00000, 0x0000000088d00000, 0x0000000088e00000|  0%| F|  |TAMS 0x0000000088d00000, 0x0000000088d00000| Untracked 
|  96|0x0000000088e00000, 0x0000000088e00000, 0x0000000088f00000|  0%| F|  |TAMS 0x0000000088e00000, 0x0000000088e00000| Untracked 
|  97|0x0000000088f00000, 0x0000000088f00000, 0x0000000089000000|  0%| F|  |TAMS 0x0000000088f00000, 0x0000000088f00000| Untracked 
|  98|0x0000000089000000, 0x0000000089000000, 0x0000000089100000|  0%| F|  |TAMS 0x0000000089000000, 0x0000000089000000| Untracked 
|  99|0x0000000089100000, 0x0000000089100000, 0x0000000089200000|  0%| F|  |TAMS 0x0000000089100000, 0x0000000089100000| Untracked 
| 100|0x0000000089200000, 0x0000000089200000, 0x0000000089300000|  0%| F|  |TAMS 0x0000000089200000, 0x0000000089200000| Untracked 
| 101|0x0000000089300000, 0x0000000089300000, 0x0000000089400000|  0%| F|  |TAMS 0x0000000089300000, 0x0000000089300000| Untracked 
| 102|0x0000000089400000, 0x0000000089400000, 0x0000000089500000|  0%| F|  |TAMS 0x0000000089400000, 0x0000000089400000| Untracked 
| 103|0x0000000089500000, 0x0000000089500000, 0x0000000089600000|  0%| F|  |TAMS 0x0000000089500000, 0x0000000089500000| Untracked 
| 104|0x0000000089600000, 0x0000000089600000, 0x0000000089700000|  0%| F|  |TAMS 0x0000000089600000, 0x0000000089600000| Untracked 
| 105|0x0000000089700000, 0x0000000089700000, 0x0000000089800000|  0%| F|  |TAMS 0x0000000089700000, 0x0000000089700000| Untracked 
| 106|0x0000000089800000, 0x0000000089800000, 0x0000000089900000|  0%| F|  |TAMS 0x0000000089800000, 0x0000000089800000| Untracked 
| 107|0x0000000089900000, 0x0000000089995768, 0x0000000089a00000| 58%| E|  |TAMS 0x0000000089900000, 0x0000000089900000| Complete 
| 108|0x0000000089a00000, 0x0000000089b00000, 0x0000000089b00000|100%| E|  |TAMS 0x0000000089a00000, 0x0000000089a00000| Complete 
| 109|0x0000000089b00000, 0x0000000089c00000, 0x0000000089c00000|100%| E|CS|TAMS 0x0000000089b00000, 0x0000000089b00000| Complete 
| 110|0x0000000089c00000, 0x0000000089d00000, 0x0000000089d00000|100%| E|CS|TAMS 0x0000000089c00000, 0x0000000089c00000| Complete 
| 111|0x0000000089d00000, 0x0000000089e00000, 0x0000000089e00000|100%| E|CS|TAMS 0x0000000089d00000, 0x0000000089d00000| Complete 
| 112|0x0000000089e00000, 0x0000000089f00000, 0x0000000089f00000|100%| E|CS|TAMS 0x0000000089e00000, 0x0000000089e00000| Complete 
| 113|0x0000000089f00000, 0x000000008a000000, 0x000000008a000000|100%| E|CS|TAMS 0x0000000089f00000, 0x0000000089f00000| Complete 
| 114|0x000000008a000000, 0x000000008a100000, 0x000000008a100000|100%| E|CS|TAMS 0x000000008a000000, 0x000000008a000000| Complete 
| 115|0x000000008a100000, 0x000000008a200000, 0x000000008a200000|100%| E|CS|TAMS 0x000000008a100000, 0x000000008a100000| Complete 
| 116|0x000000008a200000, 0x000000008a300000, 0x000000008a300000|100%| E|CS|TAMS 0x000000008a200000, 0x000000008a200000| Complete 
| 117|0x000000008a300000, 0x000000008a400000, 0x000000008a400000|100%| E|CS|TAMS 0x000000008a300000, 0x000000008a300000| Complete 
| 118|0x000000008a400000, 0x000000008a500000, 0x000000008a500000|100%| E|CS|TAMS 0x000000008a400000, 0x000000008a400000| Complete 
| 119|0x000000008a500000, 0x000000008a600000, 0x000000008a600000|100%| E|CS|TAMS 0x000000008a500000, 0x000000008a500000| Complete 
| 120|0x000000008a600000, 0x000000008a700000, 0x000000008a700000|100%| E|CS|TAMS 0x000000008a600000, 0x000000008a600000| Complete 
| 121|0x000000008a700000, 0x000000008a800000, 0x000000008a800000|100%| E|CS|TAMS 0x000000008a700000, 0x000000008a700000| Complete 
| 122|0x000000008a800000, 0x000000008a900000, 0x000000008a900000|100%| E|CS|TAMS 0x000000008a800000, 0x000000008a800000| Complete 
| 123|0x000000008a900000, 0x000000008aa00000, 0x000000008aa00000|100%| E|CS|TAMS 0x000000008a900000, 0x000000008a900000| Complete 
| 124|0x000000008aa00000, 0x000000008ab00000, 0x000000008ab00000|100%| E|CS|TAMS 0x000000008aa00000, 0x000000008aa00000| Complete 
| 125|0x000000008ab00000, 0x000000008ac00000, 0x000000008ac00000|100%| E|CS|TAMS 0x000000008ab00000, 0x000000008ab00000| Complete 

Card table byte_map: [0x000001cc460d0000,0x000001cc464c0000] _byte_map_base: 0x000001cc45cb9000

Marking Bits (Prev, Next): (CMBitMap*) 0x000001cc2e3f8878, (CMBitMap*) 0x000001cc2e3f88b8
 Prev Bits: [0x000001cc468b0000, 0x000001cc487f8000)
 Next Bits: [0x000001cc48800000, 0x000001cc4a748000)

Polling page: 0x000001cc2db70000

Metaspace:

Usage:
  Non-class:      8.04 MB capacity,     5.34 MB ( 66%) used,     2.69 MB ( 33%) free+waste,    10.44 KB ( <1%) overhead. 
      Class:    618.00 KB capacity,   290.98 KB ( 47%) used,   322.33 KB ( 52%) free+waste,     4.69 KB ( <1%) overhead. 
       Both:      8.65 MB capacity,     5.63 MB ( 65%) used,     3.00 MB ( 35%) free+waste,    15.13 KB ( <1%) overhead. 

Virtual space:
  Non-class space:       10.00 MB reserved,       8.25 MB ( 83%) committed 
      Class space:        1.00 GB reserved,     640.00 KB ( <1%) committed 
             Both:        1.01 GB reserved,       8.88 MB ( <1%) committed 

Chunk freelists:
   Non-Class:  83.00 KB
       Class:  22.00 KB
        Both:  105.00 KB

MaxMetaspaceSize: 17179869184.00 GB
CompressedClassSpaceSize: 1.00 GB

CodeHeap 'non-profiled nmethods': size=120000Kb used=257Kb max_used=257Kb free=119742Kb
 bounds [0x000001cc3e370000, 0x000001cc3e5e0000, 0x000001cc458a0000]
CodeHeap 'profiled nmethods': size=120000Kb used=1371Kb max_used=1371Kb free=118628Kb
 bounds [0x000001cc36e40000, 0x000001cc370b0000, 0x000001cc3e370000]
CodeHeap 'non-nmethods': size=5760Kb used=1610Kb max_used=1624Kb free=4149Kb
 bounds [0x000001cc368a0000, 0x000001cc36b10000, 0x000001cc36e40000]
 total_blobs=2236 nmethods=796 adapters=905
 compilation: enabled
              stopped_count=0, restarted_count=0
 full_count=0

Compilation events (20 events):
Event: 0.606 Thread 0x000001cc4db9a800  787   !   3       sun.nio.ch.NativeThreadSet::add (155 bytes)
Event: 0.606 Thread 0x000001cc4db9a800 nmethod 787 0x000001cc36f90310 code [0x000001cc36f90500, 0x000001cc36f90c70]
Event: 0.606 Thread 0x000001cc4db9a800  788   !   3       sun.nio.ch.NativeThreadSet::remove (50 bytes)
Event: 0.606 Thread 0x000001cc4db9a800 nmethod 788 0x000001cc36f90f10 code [0x000001cc36f910c0, 0x000001cc36f914f0]
Event: 0.606 Thread 0x000001cc4db9a800  789       3       java.util.Objects::checkFromIndexSize (8 bytes)
Event: 0.606 Thread 0x000001cc4db9a800 nmethod 789 0x000001cc36f91690 code [0x000001cc36f91840, 0x000001cc36f91ab0]
Event: 0.606 Thread 0x000001cc4db9a800  790       3       jdk.internal.util.Preconditions::checkFromIndexSize (25 bytes)
Event: 0.606 Thread 0x000001cc4db9a800 nmethod 790 0x000001cc36f91b90 code [0x000001cc36f91da0, 0x000001cc36f92640]
Event: 0.606 Thread 0x000001cc4db9a800  791       3       sun.nio.ch.Util::getTemporaryDirectBuffer (55 bytes)
Event: 0.607 Thread 0x000001cc4db9a800 nmethod 791 0x000001cc36f92890 code [0x000001cc36f92b00, 0x000001cc36f935d0]
Event: 0.607 Thread 0x000001cc4db99800  792       4       java.util.Objects::requireNonNull (15 bytes)
Event: 0.607 Thread 0x000001cc4db99800 nmethod 792 0x000001cc3e3b0310 code [0x000001cc3e3b04a0, 0x000001cc3e3b04f8]
Event: 0.614 Thread 0x000001cc4db9a800  793       3       java.lang.AbstractStringBuilder::appendChars (207 bytes)
Event: 0.615 Thread 0x000001cc4db9a800 nmethod 793 0x000001cc36f93910 code [0x000001cc36f93bc0, 0x000001cc36f94bb0]
Event: 0.615 Thread 0x000001cc4db9a800  794       3       jdk.internal.jimage.ImageStringsReader::get (9 bytes)
Event: 0.615 Thread 0x000001cc4db9a800 nmethod 794 0x000001cc36f95110 code [0x000001cc36f952c0, 0x000001cc36f95510]
Event: 0.615 Thread 0x000001cc4db9a800  795       3       jdk.internal.jimage.BasicImageReader::getString (49 bytes)
Event: 0.615 Thread 0x000001cc4db9a800 nmethod 795 0x000001cc36f95610 code [0x000001cc36f95860, 0x000001cc36f963a0]
Event: 0.616 Thread 0x000001cc4db9a800  796       3       jdk.internal.jimage.ImageStringsReader::stringFromByteBuffer (28 bytes)
Event: 0.616 Thread 0x000001cc4db9a800 nmethod 796 0x000001cc36f96710 code [0x000001cc36f96900, 0x000001cc36f96d60]

GC Heap History (0 events):
No events

Deoptimization events (20 events):
Event: 0.120 Thread 0x000001cc2e3b2800 DEOPT PACKING pc=0x000001cc3e379690 sp=0x000000459a5fdd50
Event: 0.120 Thread 0x000001cc2e3b2800 DEOPT UNPACKING pc=0x000001cc368e912f sp=0x000000459a5fdcd8 mode 2
Event: 0.129 Thread 0x000001cc2e3b2800 DEOPT PACKING pc=0x000001cc36e7f1e8 sp=0x000000459a5fa270
Event: 0.129 Thread 0x000001cc2e3b2800 DEOPT UNPACKING pc=0x000001cc368e964e sp=0x000000459a5f96c8 mode 0
Event: 0.129 Thread 0x000001cc2e3b2800 DEOPT PACKING pc=0x000001cc36e817b2 sp=0x000000459a5fa280
Event: 0.129 Thread 0x000001cc2e3b2800 DEOPT UNPACKING pc=0x000001cc368e964e sp=0x000000459a5f96e8 mode 0
Event: 0.196 Thread 0x000001cc2e3b2800 Uncommon trap: trap_request=0xffffff45 fr.pc=0x000001cc3e377764 relative=0x0000000000000044
Event: 0.196 Thread 0x000001cc2e3b2800 Uncommon trap: reason=unstable_if action=reinterpret pc=0x000001cc3e377764 method=java.lang.CharacterData.of(I)Ljava/lang/CharacterData; @ 4 c2
Event: 0.196 Thread 0x000001cc2e3b2800 DEOPT PACKING pc=0x000001cc3e377764 sp=0x000000459a5fad00
Event: 0.196 Thread 0x000001cc2e3b2800 DEOPT UNPACKING pc=0x000001cc368e912f sp=0x000000459a5faca0 mode 2
Event: 0.472 Thread 0x000001cc2e3b2800 DEOPT PACKING pc=0x000001cc36e9a95f sp=0x000000459a5fd340
Event: 0.472 Thread 0x000001cc2e3b2800 DEOPT UNPACKING pc=0x000001cc368e964e sp=0x000000459a5fc7b8 mode 0
Event: 0.533 Thread 0x000001cc2e3b2800 Uncommon trap: trap_request=0xffffff54 fr.pc=0x000001cc3e3a4310 relative=0x0000000000000070
Event: 0.533 Thread 0x000001cc2e3b2800 Uncommon trap: reason=speculate_null_assert action=make_not_entrant pc=0x000001cc3e3a4310 method=sun.misc.Unsafe.putLong(Ljava/lang/Object;JJ)V @ 7 c2
Event: 0.533 Thread 0x000001cc2e3b2800 DEOPT PACKING pc=0x000001cc3e3a4310 sp=0x000000459a5feb10
Event: 0.533 Thread 0x000001cc2e3b2800 DEOPT UNPACKING pc=0x000001cc368e912f sp=0x000000459a5fea88 mode 2
Event: 0.543 Thread 0x000001cc2e3b2800 Uncommon trap: trap_request=0xffffff45 fr.pc=0x000001cc3e3a5f38 relative=0x0000000000001018
Event: 0.543 Thread 0x000001cc2e3b2800 Uncommon trap: reason=unstable_if action=reinterpret pc=0x000001cc3e3a5f38 method=java.util.LinkedHashMap.linkNodeLast(Ljava/util/LinkedHashMap$Entry;)V @ 11 c2
Event: 0.543 Thread 0x000001cc2e3b2800 DEOPT PACKING pc=0x000001cc3e3a5f38 sp=0x000000459a5f98a0
Event: 0.543 Thread 0x000001cc2e3b2800 DEOPT UNPACKING pc=0x000001cc368e912f sp=0x000000459a5f9750 mode 2

Classes unloaded (0 events):
No events

Classes redefined (0 events):
No events

Internal exceptions (19 events):
Event: 0.151 Thread 0x000001cc2e3b2800 Exception <a 'java/lang/NoSuchMethodError'{0x000000008a734c98}: 'void java.lang.invoke.DelegatingMethodHandle$Holder.delegate(java.lang.Object, java.lang.Object, int, java.lang.Object)'> (0x000000008a734c98) 
thrown [t:/workspace/open/src/hotspot/share/interpreter/linkResolver.cpp, line 767]
Event: 0.151 Thread 0x000001cc2e3b2800 Exception <a 'java/lang/NoSuchMethodError'{0x000000008a73b9f0}: 'java.lang.Object java.lang.invoke.DirectMethodHandle$Holder.invokeStaticInit(java.lang.Object, java.lang.Object, java.lang.Object)'> (0x000000008a73b9f0) 
thrown [t:/workspace/open/src/hotspot/share/interpreter/linkResolver.cpp, line 767]
Event: 0.182 Thread 0x000001cc2e3b2800 Exception <a 'sun/nio/fs/WindowsException'{0x000000008a7b0b00}> (0x000000008a7b0b00) 
thrown [t:/workspace/open/src/hotspot/share/prims/jni.cpp, line 598]
Event: 0.183 Thread 0x000001cc2e3b2800 Exception <a 'sun/nio/fs/WindowsException'{0x000000008a7b1058}> (0x000000008a7b1058) 
thrown [t:/workspace/open/src/hotspot/share/prims/jni.cpp, line 598]
Event: 0.221 Thread 0x000001cc2e3b2800 Exception <a 'sun/nio/fs/WindowsException'{0x000000008a56e9b0}> (0x000000008a56e9b0) 
thrown [t:/workspace/open/src/hotspot/share/prims/jni.cpp, line 598]
Event: 0.221 Thread 0x000001cc2e3b2800 Exception <a 'sun/nio/fs/WindowsException'{0x000000008a56ed20}> (0x000000008a56ed20) 
thrown [t:/workspace/open/src/hotspot/share/prims/jni.cpp, line 598]
Event: 0.311 Thread 0x000001cc2e3b2800 Exception <a 'java/lang/NoSuchMethodError'{0x000000008a5f2dc0}: 'void java.lang.invoke.DirectMethodHandle$Holder.invokeStaticInit(java.lang.Object, long, double, double)'> (0x000000008a5f2dc0) 
thrown [t:/workspace/open/src/hotspot/share/interpreter/linkResolver.cpp, line 767]
Event: 0.313 Thread 0x000001cc2e3b2800 Exception <a 'java/lang/NoSuchMethodError'{0x000000008a4077c0}: 'void java.lang.invoke.DirectMethodHandle$Holder.invokeStaticInit(java.lang.Object, long, int, int, int)'> (0x000000008a4077c0) 
thrown [t:/workspace/open/src/hotspot/share/interpreter/linkResolver.cpp, line 767]
Event: 0.317 Thread 0x000001cc2e3b2800 Exception <a 'java/lang/NoSuchMethodError'{0x000000008a42b560}: 'void java.lang.invoke.DirectMethodHandle$Holder.invokeStaticInit(java.lang.Object, long, int, int, int, int)'> (0x000000008a42b560) 
thrown [t:/workspace/open/src/hotspot/share/interpreter/linkResolver.cpp, line 767]
Event: 0.355 Thread 0x000001cc2e3b2800 Exception <a 'sun/nio/fs/WindowsException'{0x000000008a4824a0}> (0x000000008a4824a0) 
thrown [t:/workspace/open/src/hotspot/share/prims/jni.cpp, line 598]
Event: 0.355 Thread 0x000001cc2e3b2800 Exception <a 'sun/nio/fs/WindowsException'{0x000000008a482850}> (0x000000008a482850) 
thrown [t:/workspace/open/src/hotspot/share/prims/jni.cpp, line 598]
Event: 0.361 Thread 0x000001cc2e3b2800 Exception <a 'sun/nio/fs/WindowsException'{0x000000008a4a02d0}> (0x000000008a4a02d0) 
thrown [t:/workspace/open/src/hotspot/share/prims/jni.cpp, line 598]
Event: 0.361 Thread 0x000001cc2e3b2800 Exception <a 'sun/nio/fs/WindowsException'{0x000000008a4a05b8}> (0x000000008a4a05b8) 
thrown [t:/workspace/open/src/hotspot/share/prims/jni.cpp, line 598]
Event: 0.599 Thread 0x000001cc2e3b2800 Exception <a 'sun/nio/fs/WindowsException'{0x000000008995bce8}> (0x000000008995bce8) 
thrown [t:/workspace/open/src/hotspot/share/prims/jni.cpp, line 598]
Event: 0.599 Thread 0x000001cc2e3b2800 Exception <a 'sun/nio/fs/WindowsException'{0x000000008995bfd8}> (0x000000008995bfd8) 
thrown [t:/workspace/open/src/hotspot/share/prims/jni.cpp, line 598]
Event: 0.600 Thread 0x000001cc2e3b2800 Exception <a 'sun/nio/fs/WindowsException'{0x000000008995d040}> (0x000000008995d040) 
thrown [t:/workspace/open/src/hotspot/share/prims/jni.cpp, line 598]
Event: 0.601 Thread 0x000001cc2e3b2800 Exception <a 'sun/nio/fs/WindowsException'{0x0000000089964768}> (0x0000000089964768) 
thrown [t:/workspace/open/src/hotspot/share/prims/jni.cpp, line 598]
Event: 0.607 Thread 0x000001cc2e3b2800 Exception <a 'sun/nio/fs/WindowsException'{0x00000000899675c0}> (0x00000000899675c0) 
thrown [t:/workspace/open/src/hotspot/share/prims/jni.cpp, line 598]
Event: 0.607 Thread 0x000001cc2e3b2800 Exception <a 'sun/nio/fs/WindowsException'{0x0000000089967948}> (0x0000000089967948) 
thrown [t:/workspace/open/src/hotspot/share/prims/jni.cpp, line 598]

Events (20 events):
Event: 0.569 loading class org/lwjgl/opengl/GL13C done
Event: 0.569 loading class org/lwjgl/opengl/GL12C
Event: 0.569 loading class org/lwjgl/opengl/GL12C done
Event: 0.569 loading class org/lwjgl/opengl/GL11C
Event: 0.569 loading class org/lwjgl/opengl/GL11C done
Event: 0.571 loading class org/lwjgl/system/APIUtil$Encoder
Event: 0.571 loading class org/lwjgl/system/APIUtil$Encoder done
Event: 0.571 loading class org/lwjgl/system/APIUtil$Encoder
Event: 0.571 loading class org/lwjgl/system/APIUtil$Encoder done
Event: 0.586 loading class renderer/Texture
Event: 0.586 loading class renderer/Texture done
Event: 0.596 loading class org/lwjgl/stb/STBImage
Event: 0.596 loading class org/lwjgl/stb/STBImage done
Event: 0.598 loading class org/lwjgl/stb/LibSTB
Event: 0.598 loading class org/lwjgl/stb/LibSTB done
Event: 0.600 loading class java/nio/file/FileAlreadyExistsException
Event: 0.600 loading class java/nio/file/FileAlreadyExistsException done
Event: 0.601 loading class java/nio/file/StandardCopyOption
Event: 0.601 loading class java/nio/file/StandardCopyOption done
Event: 0.613 Loaded shared library C:\Users\irava\AppData\Local\Temp\lwjglirava\3.2.3-build-13\lwjgl_stb.dll


Dynamic libraries:
0x00007ff7701c0000 - 0x00007ff7701cf000 	C:\Program Files\Java\jdk-13.0.2\bin\java.exe
0x00007ffb40b20000 - 0x00007ffb40d10000 	C:\Windows\SYSTEM32\ntdll.dll
0x00007ffb40400000 - 0x00007ffb404b2000 	C:\Windows\System32\KERNEL32.DLL
0x00007ffb3e410000 - 0x00007ffb3e6b5000 	C:\Windows\System32\KERNELBASE.dll
0x00007ffb3b4d0000 - 0x00007ffb3b55f000 	C:\Windows\SYSTEM32\apphelp.dll
0x00007ffb3ead0000 - 0x00007ffb3ebca000 	C:\Windows\System32\ucrtbase.dll
0x00007ffb2d050000 - 0x00007ffb2d068000 	C:\Program Files\Java\jdk-13.0.2\bin\jli.dll
0x00007ffb23620000 - 0x00007ffb23635000 	C:\Program Files\Java\jdk-13.0.2\bin\VCRUNTIME140.dll
0x00007ffb404c0000 - 0x00007ffb40563000 	C:\Windows\System32\ADVAPI32.dll
0x00007ffb3f650000 - 0x00007ffb3f6ee000 	C:\Windows\System32\msvcrt.dll
0x00007ffb3f060000 - 0x00007ffb3f0f7000 	C:\Windows\System32\sechost.dll
0x00007ffb409c0000 - 0x00007ffb40ae0000 	C:\Windows\System32\RPCRT4.dll
0x00007ffb3f1b0000 - 0x00007ffb3f344000 	C:\Windows\System32\USER32.dll
0x00007ffb3db90000 - 0x00007ffb3dbb1000 	C:\Windows\System32\win32u.dll
0x00007ffb3f5b0000 - 0x00007ffb3f5d6000 	C:\Windows\System32\GDI32.dll
0x00007ffb23e60000 - 0x00007ffb240e4000 	C:\Windows\WinSxS\amd64_microsoft.windows.common-controls_6595b64144ccf1df_6.0.18362.1139_none_9e7bf2d3e4605ac6\COMCTL32.dll
0x00007ffb3e930000 - 0x00007ffb3eac6000 	C:\Windows\System32\gdi32full.dll
0x00007ffb3e890000 - 0x00007ffb3e92e000 	C:\Windows\System32\msvcp_win.dll
0x00007ffb3ec00000 - 0x00007ffb3ef35000 	C:\Windows\System32\combase.dll
0x00007ffb3e810000 - 0x00007ffb3e890000 	C:\Windows\System32\bcryptPrimitives.dll
0x00007ffb36060000 - 0x00007ffb3606a000 	C:\Windows\SYSTEM32\VERSION.dll
0x00007ffb3f420000 - 0x00007ffb3f44e000 	C:\Windows\System32\IMM32.DLL
0x00007ffaf5ee0000 - 0x00007ffaf5f7b000 	C:\Program Files\Java\jdk-13.0.2\bin\msvcp140.dll
0x00007ffac65e0000 - 0x00007ffac713d000 	C:\Program Files\Java\jdk-13.0.2\bin\server\jvm.dll
0x00007ffb3ebd0000 - 0x00007ffb3ebd8000 	C:\Windows\System32\PSAPI.DLL
0x00007ffb16e20000 - 0x00007ffb16e29000 	C:\Windows\SYSTEM32\WSOCK32.dll
0x00007ffb3f5e0000 - 0x00007ffb3f64f000 	C:\Windows\System32\WS2_32.dll
0x00007ffb3b190000 - 0x00007ffb3b1b4000 	C:\Windows\SYSTEM32\WINMM.dll
0x00007ffb3adf0000 - 0x00007ffb3ae1d000 	C:\Windows\SYSTEM32\winmmbase.dll
0x00007ffb3e360000 - 0x00007ffb3e3aa000 	C:\Windows\System32\cfgmgr32.dll
0x00007ffb3da40000 - 0x00007ffb3da51000 	C:\Windows\System32\kernel.appcore.dll
0x00007ffb394c0000 - 0x00007ffb394d0000 	C:\Program Files\Java\jdk-13.0.2\bin\verify.dll
0x00007ffb3c2a0000 - 0x00007ffb3c494000 	C:\Windows\SYSTEM32\DBGHELP.DLL
0x00007ffb12840000 - 0x00007ffb1286a000 	C:\Windows\SYSTEM32\dbgcore.DLL
0x00007ffb221a0000 - 0x00007ffb221c6000 	C:\Program Files\Java\jdk-13.0.2\bin\java.dll
0x00007ffb22250000 - 0x00007ffb22267000 	C:\Program Files\Java\jdk-13.0.2\bin\zip.dll
0x00007ffb377f0000 - 0x00007ffb377fa000 	C:\Program Files\Java\jdk-13.0.2\bin\jimage.dll
0x00007ffb3fb60000 - 0x00007ffb40247000 	C:\Windows\System32\SHELL32.dll
0x00007ffb3f100000 - 0x00007ffb3f1a9000 	C:\Windows\System32\shcore.dll
0x00007ffb3dbe0000 - 0x00007ffb3e360000 	C:\Windows\System32\windows.storage.dll
0x00007ffb3da80000 - 0x00007ffb3daa3000 	C:\Windows\System32\profapi.dll
0x00007ffb3d9f0000 - 0x00007ffb3da3a000 	C:\Windows\System32\powrprof.dll
0x00007ffb3d9e0000 - 0x00007ffb3d9f0000 	C:\Windows\System32\UMPDC.dll
0x00007ffb403a0000 - 0x00007ffb403f2000 	C:\Windows\System32\shlwapi.dll
0x00007ffb3dbc0000 - 0x00007ffb3dbd7000 	C:\Windows\System32\cryptsp.dll
0x00007ffb22130000 - 0x00007ffb22149000 	C:\Program Files\Java\jdk-13.0.2\bin\net.dll
0x00007ffb35c10000 - 0x00007ffb35d00000 	C:\Windows\SYSTEM32\WINHTTP.dll
0x00007ffb3d1f0000 - 0x00007ffb3d257000 	C:\Windows\system32\mswsock.dll
0x00007ffb16d70000 - 0x00007ffb16d83000 	C:\Program Files\Java\jdk-13.0.2\bin\nio.dll
0x00007ffb0c190000 - 0x00007ffb0c1f4000 	C:\Users\irava\AppData\Local\Temp\lwjglirava\3.2.3-build-13\lwjgl.dll
0x00007ffb0bb00000 - 0x00007ffb0bb62000 	C:\Users\irava\AppData\Local\Temp\lwjglirava\3.2.3-build-13\glfw.dll
0x00007ffb3b940000 - 0x00007ffb3b9d9000 	C:\Windows\system32\uxtheme.dll
0x00007ffafa200000 - 0x00007ffafa243000 	C:\Windows\SYSTEM32\dinput8.dll
0x00007ffb24140000 - 0x00007ffb24151000 	C:\Windows\SYSTEM32\xinput1_4.dll
0x00007ffb3d7d0000 - 0x00007ffb3d7fa000 	C:\Windows\SYSTEM32\DEVOBJ.dll
0x00007ffb3bd70000 - 0x00007ffb3bd9d000 	C:\Windows\SYSTEM32\dwmapi.dll
0x00007ffb28a20000 - 0x00007ffb28b3b000 	C:\Windows\SYSTEM32\inputhost.dll
0x00007ffb3ad10000 - 0x00007ffb3ade4000 	C:\Windows\SYSTEM32\CoreMessaging.dll
0x00007ffb38950000 - 0x00007ffb38aa3000 	C:\Windows\SYSTEM32\wintypes.dll
0x00007ffb37d40000 - 0x00007ffb3806a000 	C:\Windows\SYSTEM32\CoreUIComponents.dll
0x00007ffb3b780000 - 0x00007ffb3b870000 	C:\Windows\SYSTEM32\PROPSYS.dll
0x00007ffb402d0000 - 0x00007ffb40395000 	C:\Windows\System32\OLEAUT32.dll
0x00007ffb3c9c0000 - 0x00007ffb3c9f1000 	C:\Windows\SYSTEM32\ntmarta.dll
0x00007ffb405e0000 - 0x00007ffb40715000 	C:\Windows\System32\MSCTF.dll
0x00007ffb3c1e0000 - 0x00007ffb3c1ee000 	C:\Windows\SYSTEM32\HID.DLL
0x00007ffb3f6f0000 - 0x00007ffb3fb60000 	C:\Windows\System32\SETUPAPI.DLL
0x00007ffb3db60000 - 0x00007ffb3db86000 	C:\Windows\System32\bcrypt.dll
0x00007ffb3e3b0000 - 0x00007ffb3e40c000 	C:\Windows\System32\WINTRUST.dll
0x00007ffb3da60000 - 0x00007ffb3da72000 	C:\Windows\System32\MSASN1.dll
0x00007ffb3e6c0000 - 0x00007ffb3e809000 	C:\Windows\System32\CRYPT32.dll
0x00007ffb01350000 - 0x00007ffb014a6000 	C:\Windows\SYSTEM32\opengl32.dll
0x00007ffb02210000 - 0x00007ffb0223c000 	C:\Windows\SYSTEM32\GLU32.dll
0x00007ffb3c5d0000 - 0x00007ffb3c5f0000 	C:\Windows\SYSTEM32\dxcore.dll
0x00007ffab9bc0000 - 0x00007ffabaa2e000 	C:\Windows\System32\DriverStore\FileRepository\iigd_dc_base.inf_amd64_04dfefe2ba7fe997\ig9icd64.dll
0x00007ffb3c660000 - 0x00007ffb3c74b000 	C:\Windows\SYSTEM32\dxgi.dll
0x00007ffae8960000 - 0x00007ffae8a41000 	C:\Windows\System32\DriverStore\FileRepository\iigd_dc_base.inf_amd64_04dfefe2ba7fe997\igdgmm64.dll
0x00007ffb2e170000 - 0x00007ffb300a9000 	C:\Windows\System32\DriverStore\FileRepository\iigd_dc_base.inf_amd64_04dfefe2ba7fe997\igc64.dll
0x00007ffb28b40000 - 0x00007ffb28bde000 	C:\Windows\System32\TextInputFramework.dll
0x00007ffb272a0000 - 0x00007ffb27547000 	C:\Windows\System32\iertutil.dll
0x00007ffaf6cf0000 - 0x00007ffaf6d49000 	C:\Users\irava\AppData\Local\Temp\lwjglirava\3.2.3-build-13\lwjgl_opengl.dll
0x00007ffaef4f0000 - 0x00007ffaef567000 	C:\Users\irava\AppData\Local\Temp\lwjglirava\3.2.3-build-13\lwjgl_stb.dll

dbghelp: loaded successfully - version: 4.0.5 - missing functions: none
symbol engine: initialized successfully - sym options: 0x614 - pdb path: .;C:\Program Files\Java\jdk-13.0.2\bin;C:\Windows\SYSTEM32;C:\Windows\WinSxS\amd64_microsoft.windows.common-controls_6595b64144ccf1df_6.0.18362.1139_none_9e7bf2d3e4605ac6;C:\Program Files\Java\jdk-13.0.2\bin\server;C:\Users\irava\AppData\Local\Temp\lwjglirava\3.2.3-build-13;C:\Windows\System32\DriverStore\FileRepository\iigd_dc_base.inf_amd64_04dfefe2ba7fe997

VM Arguments:
jvm_args: -Dfile.encoding=windows-1252 -Duser.country=FR -Duser.language=fr -Duser.variant -ea 
java_command: Main
java_class_path (initial): C:\Users\irava\IdeaProjects\UnCommonEngine\build\classes\java\main;C:\Users\irava\IdeaProjects\UnCommonEngine\build\resources\main;C:\Users\irava\.gradle\caches\modules-2\files-2.1\org.lwjgl\lwjgl-assimp\3.2.3\f62aa07a20afbdd3097efc296c4841e0d29700eb\lwjgl-assimp-3.2.3.jar;C:\Users\irava\.gradle\caches\modules-2\files-2.1\org.lwjgl\lwjgl-assimp\3.2.3\4e60aeb75f0343c4a9ede4ef8b6b32ca702a00a3\lwjgl-assimp-3.2.3-natives-windows.jar;C:\Users\irava\.gradle\caches\modules-2\files-2.1\org.lwjgl\lwjgl-glfw\3.2.3\5e520d5c290c8b012545a8d34fa5db5ab051ea53\lwjgl-glfw-3.2.3.jar;C:\Users\irava\.gradle\caches\modules-2\files-2.1\org.lwjgl\lwjgl-glfw\3.2.3\b4d8a3477cdc2edcf7a5f1e822926be846223f54\lwjgl-glfw-3.2.3-natives-windows.jar;C:\Users\irava\.gradle\caches\modules-2\files-2.1\org.lwjgl\lwjgl-nfd\3.2.3\c44fee1043c022cf6614a28872d44cf114ca7737\lwjgl-nfd-3.2.3.jar;C:\Users\irava\.gradle\caches\modules-2\files-2.1\org.lwjgl\lwjgl-nfd\3.2.3\32782f5f5c57769efb82af864e70b819c77bc891\lwjgl-nfd-3.2.3-natives-windows.jar;C:\Users\irava\.gradle\caches\modules-2\files-2.1\org.lwjgl\lwjgl-openal\3.2.3\106742e805803ab9eab8e343f0fb31a3d263903c\lwjgl-openal-3.2.3.jar;C:\Users\irava\.gradle\caches\modules-2\files-2.1\org.lwjgl\lwjgl-openal\3.2.3\ec898e8ce11b5886f4f532a1536283ef2817758d\lwjgl-openal-3.2.3-natives-windows.jar;C:\Users\irava\.gradle\caches\modules-2\files-2.1\org.lwjgl\lwjgl-opengl\3.2.3\bdd534a323d0c8f54969b95e424b6ac8984f7d6e\lwjgl-opengl-3.2.3.jar;C:\Users\irava\.gradle\caches\modules-2\files-2.1\org.lwjgl\lwjgl-opengl\3.2.3\e81cfc73ec8708e5e791ed770e4ec3edfc1bbab1\lwjgl-opengl-3.2.3-natives-windows.jar;C:\Users\irava\.gradle\caches\modules-2\files-2.1\org.lwjgl\lwjgl-stb\3.2.3\40eccaa4fa86fc815f2e17946a392fb5fdcc286a\lwjgl-stb-3.2.3.jar;C:\Users\irava\.gradle\caches\modules-2\files-2.1\org.lwjgl\lwjgl-stb\3.2.3\817b21ec286f0ba3dcedb56a3bd275e6a9345be9\lwjgl-stb-3.2.3-natives-windows.jar;C:\Users\irava\.gradle\caches\modules-2\files-2.1\org.lwjgl\
Launcher Type: SUN_STANDARD

[Global flags]
     intx CICompilerCount                          = 4                                         {product} {ergonomic}
     uint ConcGCThreads                            = 2                                         {product} {ergonomic}
     uint G1ConcRefinementThreads                  = 8                                         {product} {ergonomic}
   size_t G1HeapRegionSize                         = 1048576                                   {product} {ergonomic}
    uintx GCDrainStackTargetSize                   = 64                                        {product} {ergonomic}
   size_t InitialHeapSize                          = 132120576                                 {product} {ergonomic}
   size_t MarkStackSize                            = 4194304                                   {product} {ergonomic}
   size_t MaxHeapSize                              = 2099249152                                {product} {ergonomic}
   size_t MaxNewSize                               = 1259339776                                {product} {ergonomic}
   size_t MinHeapDeltaBytes                        = 1048576                                   {product} {ergonomic}
   size_t MinHeapSize                              = 8388608                                   {product} {ergonomic}
    uintx NonNMethodCodeHeapSize                   = 5839372                                {pd product} {ergonomic}
    uintx NonProfiledCodeHeapSize                  = 122909434                              {pd product} {ergonomic}
    uintx ProfiledCodeHeapSize                     = 122909434                              {pd product} {ergonomic}
    uintx ReservedCodeCacheSize                    = 251658240                              {pd product} {ergonomic}
     bool SegmentedCodeCache                       = true                                      {product} {ergonomic}
   size_t SoftMaxHeapSize                          = 2099249152                             {manageable} {ergonomic}
     bool UseCompressedClassPointers               = true                                 {lp64_product} {ergonomic}
     bool UseCompressedOops                        = true                                 {lp64_product} {ergonomic}
     bool UseG1GC                                  = true                                      {product} {ergonomic}
     bool UseLargePagesIndividualAllocation        = false                                  {pd product} {ergonomic}

Logging:
Log output configuration:
 #0: stdout all=warning uptime,level,tags
 #1: stderr all=off uptime,level,tags

Environment Variables:
JAVA_HOME=C:\Program Files\Java\jdk-13.0.2
PATH=C:\Python39\Scripts\;C:\Python39\;C:\ProgramData\Oracle\Java\javapath;C:\windows\system32;C:\windows;C:\windows\System32\Wbem;C:\windows\System32\WindowsPowerShell\v1.0\;C:\windows\System32\OpenSSH\;C:\Program Files (x86)\NVIDIA Corporation\PhysX\Common;C:\Program Files\Intel\WiFi\bin\;C:\Program Files\Common Files\Intel\WirelessCommon\;C:\Windows\system32;C:\Windows;C:\Windows\System32\Wbem;C:\Windows\System32\WindowsPowerShell\v1.0\;C:\Windows\System32\OpenSSH\;C:\Program Files\Git\cmd;C:\MinGW\bin;C:\Program Files\CMake\bin;C:\Program Files\Git LFS;D:\MATLAB\R2019b\bin;C:\Program Files\Java\jdk-13.0.2\bin;D:\Master1Sem2Imagina\Nouveau dossier\apache-ant-1.10.7\bin;C:\Program Files\Microsoft SQL Server\Client SDK\ODBC\170\Tools\Binn\;C:\Program Files (x86)\Microsoft SQL Server\150\Tools\Binn\;C:\Program Files\Microsoft SQL Server\150\Tools\Binn\;C:\Program Files\Microsoft SQL Server\150\DTS\Binn\;C:\Program Files (x86)\Microsoft SQL Server\150\DTS\Binn\;C:\MinGW\msys\1.0\bin;C:\Program Files\PuTTY\;C:\Windows\Microsoft.NET\Framework\v4.0.30319;C:\Program Files\dotnet\;D:\Programs\Node\;C:\ProgramData\chocolatey\bin;C:\Users\irava\AppData\Local\Microsoft\WindowsApps;C:\MinGW\msys\1.0\bin;C:\Users\irava\.dotnet\tools;C:\Users\irava\AppData\Local\atom\bin;C:\Users\irava\AppData\Roaming\npm;D:\Programs\intellij\IntelliJ IDEA Community Edition 2020.2.3\bin;
USERNAME=irava
OS=Windows_NT
PROCESSOR_IDENTIFIER=Intel64 Family 6 Model 158 Stepping 10, GenuineIntel



---------------  S Y S T E M  ---------------

OS: Windows 10 , 64 bit Build 18362 (10.0.18362.1110)
HyperV virtualization detected

CPU:total 8 (initial active 8) (4 cores per cpu, 2 threads per core) family 6 model 158 stepping 10, cmov, cx8, fxsr, mmx, sse, sse2, sse3, ssse3, sse4.1, sse4.2, popcnt, avx, avx2, aes, clmul, erms, 3dnowpref, lzcnt, ht, tsc, tscinvbit, bmi1, bmi2, adx, fma

Memory: 4k page, system-wide physical 8000M (979M free)
TotalPageFile size 22336M (AvailPageFile size 9653M)
current process WorkingSet (physical memory assigned to process): 124M, peak: 124M
current process commit charge ("private bytes"): 238M, peak: 238M

vm_info: Java HotSpot(TM) 64-Bit Server VM (13.0.2+8) for windows-amd64 JRE (13.0.2+8), built on Dec 11 2019 09:20:33 by "mach5one" with unknown MS VC++:1916

END.
