#
# A fatal error has been detected by the Java Runtime Environment:
#
#  EXCEPTION_ACCESS_VIOLATION (0xc0000005) at pc=0x00007ffab9cebde0, pid=6364, tid=21380
#
# JRE version: Java(TM) SE Runtime Environment (13.0.2+8) (build 13.0.2+8)
# Java VM: Java HotSpot(TM) 64-Bit Server VM (13.0.2+8, mixed mode, sharing, tiered, compressed oops, g1 gc, windows-amd64)
# Problematic frame:
# C  [ig9icd64.dll+0x12bde0]
#
# No core dump will be written. Minidumps are not enabled by default on client versions of Windows
#
# If you would like to submit a bug report, please visit:
#   http://bugreport.java.com/bugreport/crash.jsp
# The crash happened outside the Java Virtual Machine in native code.
# See problematic frame for where to report the bug.
#

---------------  S U M M A R Y ------------

Command Line: -Dfile.encoding=windows-1252 -Duser.country=FR -Duser.language=fr -Duser.variant -ea Main

Host: Intel(R) Core(TM) i5-8300H CPU @ 2.30GHz, 8 cores, 7G,  Windows 10 , 64 bit Build 18362 (10.0.18362.1110)
Time: Tue Nov 10 13:02:41 2020 Paris, Madrid elapsed time: 0 seconds (0d 0h 0m 0s)

---------------  T H R E A D  ---------------

Current thread (0x000001aa6c122000):  JavaThread "main" [_thread_in_native, id=21380, stack(0x00000057adf00000,0x00000057ae000000)]

Stack: [0x00000057adf00000,0x00000057ae000000],  sp=0x00000057adffe430,  free space=1017k
Native frames: (J=compiled Java code, j=interpreted, Vv=VM code, C=native code)
C  [ig9icd64.dll+0x12bde0]

Java frames: (J=compiled Java code, j=interpreted, Vv=VM code)
j  org.lwjgl.opengl.GL11C.nglTexImage2D(IIIIIIIIJ)V+0
j  org.lwjgl.opengl.GL11C.glTexImage2D(IIIIIIIILjava/nio/ByteBuffer;)V+17
j  org.lwjgl.opengl.GL11.glTexImage2D(IIIIIIIILjava/nio/ByteBuffer;)V+14
j  Renderer.Texture.<init>(Ljava/lang/String;)V+132
j  UnCommon.LevelEditorScene.init()V+45
j  UnCommon.Window.changeScene(I)V+41
j  UnCommon.Window.init()V+162
j  UnCommon.Window.run()V+15
j  Main.main([Ljava/lang/String;)V+5
v  ~StubRoutines::call_stub

siginfo: EXCEPTION_ACCESS_VIOLATION (0xc0000005), reading address 0x000001aa18167000


Register to memory mapping:

RIP=0x00007ffab9cebde0 ig9icd64.dll
RAX=0x000000000000000b is an unknown value
RBX=0x00000057adffe520 is pointing into the stack for thread: 0x000001aa6c122000
RCX=0x0 is NULL
RDX=0x000001aa18167000 is an unknown value
RSP=0x00000057adffe430 is pointing into the stack for thread: 0x000001aa6c122000
RBP=0x000000000000008d is an unknown value
RSI=0x000001aa15360c40 points into unknown readable memory: 00 00 00 00 00 00 00 00
RDI=0x000001aa153611c0 points into unknown readable memory: 00 00 00 00 00 00 00 00
R8 =0x0000000000000790 is an unknown value
R9 =0x000000000000000f is an unknown value
R10=0x000000000000000b is an unknown value
R11=0x000001aa7cdc2b24 points into unknown readable memory: 00 00 00 00
R12=0x0 is NULL
R13=0x00000057adffe6b0 is pointing into the stack for thread: 0x000001aa6c122000
R14=0x0000000000000790 is an unknown value
R15=0x00000000000001c1 is an unknown value


Registers:
RAX=0x000000000000000b, RBX=0x00000057adffe520, RCX=0x0000000000000000, RDX=0x000001aa18167000
RSP=0x00000057adffe430, RBP=0x000000000000008d, RSI=0x000001aa15360c40, RDI=0x000001aa153611c0
R8 =0x0000000000000790, R9 =0x000000000000000f, R10=0x000000000000000b, R11=0x000001aa7cdc2b24
R12=0x0000000000000000, R13=0x00000057adffe6b0, R14=0x0000000000000790, R15=0x00000000000001c1
RIP=0x00007ffab9cebde0, EFLAGS=0x0000000000010297

Top of Stack: (sp=0x00000057adffe430)
0x00000057adffe430:   0000000000000000 0000000000000000
0x00000057adffe440:   0000000000000000 0000000000000000
0x00000057adffe450:   000001aa18166a80 00007ffaba054460
0x00000057adffe460:   000001e40000023d 000001aa1809af10
0x00000057adffe470:   00007ffaba054090 00000057adffe6b0
0x00000057adffe480:   0000000000000000 00007ffaba056ce3
0x00000057adffe490:   00000057adffe590 00000057adffe670
0x00000057adffe4a0:   000001aa15290000 00007ffaba055390
0x00000057adffe4b0:   40001e4040000049 0000000000000001
0x00000057adffe4c0:   000001aa1809af10 0000000100000200
0x00000057adffe4d0:   0000000000000000 00007ffab9bdfb55
0x00000057adffe4e0:   000001aa7ce47fb0 0000000000000001
0x00000057adffe4f0:   000001aa7cd53f30 0000000000000001
0x00000057adffe500:   0000000000000000 0000000000000000
0x00000057adffe510:   00000000adffe500 000001aa7d0d6700
0x00000057adffe520:   00007ffaba5b2e18 000001aa7cda9e40 

Instructions: (pc=0x00007ffab9cebde0)
0x00007ffab9cebce0:   0f be c0 66 0f 6e c0 66 0f 60 c0 66 0f 61 c0 66
0x00007ffab9cebcf0:   0f 70 c0 00 66 0f 64 c8 66 0f f7 d1 49 03 f9 41
0x00007ffab9cebd00:   8b c1 44 8b d1 4c 2b c0 0f 29 74 24 10 4d 8b c8
0x00007ffab9cebd10:   0f 29 3c 24 49 c1 e9 07 f6 c2 0f 0f 84 af 00 00
0x00007ffab9cebd20:   00 4d 85 c9 74 6b 66 66 0f 1f 84 00 00 00 00 00
0x00007ffab9cebd30:   f3 0f 6f 3a 41 ff c2 f3 0f 6f 72 10 41 8b c2 f3
0x00007ffab9cebd40:   0f 6f 6a 20 f3 0f 6f 62 30 f3 0f 6f 5a 40 f3 0f
0x00007ffab9cebd50:   6f 52 50 f3 0f 6f 4a 60 f3 0f 6f 42 70 66 0f e7
0x00007ffab9cebd60:   3f 66 0f e7 77 10 66 0f e7 6f 20 66 0f e7 67 30
0x00007ffab9cebd70:   66 0f e7 5f 40 66 0f e7 57 50 66 0f e7 4f 60 66
0x00007ffab9cebd80:   0f e7 47 70 48 83 ef 80 48 83 ea 80 49 3b c1 72
0x00007ffab9cebd90:   9f 41 83 e0 7f 0f 84 e0 00 00 00 45 8b d0 44 8b
0x00007ffab9cebda0:   c9 49 c1 ea 04 4d 85 d2 0f 84 cd 00 00 00 66 90
0x00007ffab9cebdb0:   f3 0f 6f 02 41 ff c1 48 83 c2 10 41 8b c1 66 0f
0x00007ffab9cebdc0:   e7 07 48 83 c7 10 49 3b c2 72 e5 e9 ab 00 00 00
0x00007ffab9cebdd0:   4d 85 c9 74 6c 66 66 66 0f 1f 84 00 00 00 00 00
0x00007ffab9cebde0:   f3 0f 6f 3a 41 ff c2 f3 0f 6f 72 10 f3 0f 6f 6a
0x00007ffab9cebdf0:   20 f3 0f 6f 62 30 f3 0f 6f 5a 40 f3 0f 6f 52 50
0x00007ffab9cebe00:   f3 0f 6f 4a 60 f3 0f 6f 42 70 48 83 ea 80 66 0f
0x00007ffab9cebe10:   e7 3f 66 0f e7 77 10 66 0f e7 6f 20 66 0f e7 67
0x00007ffab9cebe20:   30 66 0f e7 5f 40 66 0f e7 57 50 66 0f e7 4f 60
0x00007ffab9cebe30:   66 0f e7 47 70 48 83 ef 80 41 8b c2 49 3b c1 72
0x00007ffab9cebe40:   9f 41 83 e0 7f 74 34 45 8b d0 44 8b c9 49 c1 ea
0x00007ffab9cebe50:   04 4d 85 d2 74 25 66 66 0f 1f 84 00 00 00 00 00
0x00007ffab9cebe60:   f3 0f 6f 02 41 ff c1 66 0f e7 07 48 83 c7 10 41
0x00007ffab9cebe70:   8b c1 48 83 c2 10 49 3b c2 72 e5 0f 28 74 24 10
0x00007ffab9cebe80:   0f 28 3c 24 41 83 e0 0f 74 49 45 8b d0 44 8b c9
0x00007ffab9cebe90:   49 c1 ea 02 4d 85 d2 74 1e 0f 1f 80 00 00 00 00
0x00007ffab9cebea0:   8b 02 41 ff c1 89 07 48 83 c2 04 48 83 c7 04 41
0x00007ffab9cebeb0:   8b c1 49 3b c2 72 e9 41 83 e0 03 76 16 48 2b d7
0x00007ffab9cebec0:   0f b6 04 3a ff c1 88 07 48 8d 7f 01 8b c1 49 3b
0x00007ffab9cebed0:   c0 72 ed 48 83 c4 20 5f c3 cc cc cc cc cc cc cc 


Stack slot to memory mapping:
stack at sp + 0 slots: 0x0 is NULL
stack at sp + 1 slots: 0x0 is NULL
stack at sp + 2 slots: 0x0 is NULL
stack at sp + 3 slots: 0x0 is NULL
stack at sp + 4 slots: 0x000001aa18166a80 points into unknown readable memory: 00 00 00 00 00 00 00 00
stack at sp + 5 slots: 0x00007ffaba054460 ig9icd64.dll
stack at sp + 6 slots: 0x000001e40000023d is an unknown value
stack at sp + 7 slots: 0x000001aa1809af10 points into unknown readable memory: f6 f4 f7 f4 f2 f7 f1 f0


---------------  P R O C E S S  ---------------

Threads class SMR info:
_java_thread_list=0x000001aa7cca75d0, length=11, elements={
0x000001aa6c122000, 0x000001aa7bf8f000, 0x000001aa7bf92800, 0x000001aa7bfb7000,
0x000001aa7bfb8000, 0x000001aa7bfb9000, 0x000001aa7bfbc000, 0x000001aa7bfbd800,
0x000001aa7ca22800, 0x000001aa7ca29000, 0x000001aa7d161800
}

Java Threads: ( => current thread )
=>0x000001aa6c122000 JavaThread "main" [_thread_in_native, id=21380, stack(0x00000057adf00000,0x00000057ae000000)]
  0x000001aa7bf8f000 JavaThread "Reference Handler" daemon [_thread_blocked, id=12320, stack(0x00000057ae600000,0x00000057ae700000)]
  0x000001aa7bf92800 JavaThread "Finalizer" daemon [_thread_blocked, id=6672, stack(0x00000057ae700000,0x00000057ae800000)]
  0x000001aa7bfb7000 JavaThread "Signal Dispatcher" daemon [_thread_blocked, id=9968, stack(0x00000057ae800000,0x00000057ae900000)]
  0x000001aa7bfb8000 JavaThread "Attach Listener" daemon [_thread_blocked, id=12516, stack(0x00000057ae900000,0x00000057aea00000)]
  0x000001aa7bfb9000 JavaThread "C2 CompilerThread0" daemon [_thread_blocked, id=17024, stack(0x00000057aea00000,0x00000057aeb00000)]
  0x000001aa7bfbc000 JavaThread "C1 CompilerThread0" daemon [_thread_blocked, id=20476, stack(0x00000057aeb00000,0x00000057aec00000)]
  0x000001aa7bfbd800 JavaThread "Sweeper thread" daemon [_thread_blocked, id=22252, stack(0x00000057aec00000,0x00000057aed00000)]
  0x000001aa7ca22800 JavaThread "Service Thread" daemon [_thread_blocked, id=21952, stack(0x00000057aed00000,0x00000057aee00000)]
  0x000001aa7ca29000 JavaThread "Common-Cleaner" daemon [_thread_blocked, id=21948, stack(0x00000057aef00000,0x00000057af000000)]
  0x000001aa7d161800 JavaThread "C2 CompilerThread1" daemon [_thread_blocked, id=5112, stack(0x00000057af500000,0x00000057af600000)]

Other Threads:
  0x000001aa7bf8c000 VMThread "VM Thread" [stack: 0x00000057ae500000,0x00000057ae600000] [id=17244]
  0x000001aa7ca24800 WatcherThread [stack: 0x00000057aee00000,0x00000057aef00000] [id=3004]
  0x000001aa6c168800 GCTaskThread "GC Thread#0" [stack: 0x00000057ae000000,0x00000057ae100000] [id=20956]
  0x000001aa6c17b000 ConcurrentGCThread "G1 Main Marker" [stack: 0x00000057ae100000,0x00000057ae200000] [id=18724]
  0x000001aa6c17c800 ConcurrentGCThread "G1 Conc#0" [stack: 0x00000057ae200000,0x00000057ae300000] [id=21500]
  0x000001aa7be0a800 ConcurrentGCThread "G1 Refine#0" [stack: 0x00000057ae300000,0x00000057ae400000] [id=22388]
  0x000001aa7be0c800 ConcurrentGCThread "G1 Young RemSet Sampling" [stack: 0x00000057ae400000,0x00000057ae500000] [id=8700]

Threads with active compile tasks:

VM state:not at safepoint (normal execution)

VM Mutex/Monitor currently owned by a thread: None

Heap address: 0x0000000082e00000, size: 2002 MB, Compressed Oops mode: 32-bit
Narrow klass base: 0x0000000800000000, Narrow klass shift: 3
Compressed class space size: 1073741824 Address: 0x0000000800b40000

Heap:
 garbage-first heap   total 129024K, used 17408K [0x0000000082e00000, 0x0000000100000000)
  region size 1024K, 19 young (19456K), 0 survivors (0K)
 Metaspace       used 5756K, capacity 8855K, committed 9088K, reserved 1058816K
  class space    used 289K, capacity 618K, committed 640K, reserved 1048576K
Heap Regions: E=young(eden), S=young(survivor), O=old, HS=humongous(starts), HC=humongous(continues), CS=collection set, F=free, A=archive, TAMS=top-at-mark-start (previous, next)
|   0|0x0000000082e00000, 0x0000000082e00000, 0x0000000082f00000|  0%| F|  |TAMS 0x0000000082e00000, 0x0000000082e00000| Untracked 
|   1|0x0000000082f00000, 0x0000000082f00000, 0x0000000083000000|  0%| F|  |TAMS 0x0000000082f00000, 0x0000000082f00000| Untracked 
|   2|0x0000000083000000, 0x0000000083000000, 0x0000000083100000|  0%| F|  |TAMS 0x0000000083000000, 0x0000000083000000| Untracked 
|   3|0x0000000083100000, 0x0000000083100000, 0x0000000083200000|  0%| F|  |TAMS 0x0000000083100000, 0x0000000083100000| Untracked 
|   4|0x0000000083200000, 0x0000000083200000, 0x0000000083300000|  0%| F|  |TAMS 0x0000000083200000, 0x0000000083200000| Untracked 
|   5|0x0000000083300000, 0x0000000083300000, 0x0000000083400000|  0%| F|  |TAMS 0x0000000083300000, 0x0000000083300000| Untracked 
|   6|0x0000000083400000, 0x0000000083400000, 0x0000000083500000|  0%| F|  |TAMS 0x0000000083400000, 0x0000000083400000| Untracked 
|   7|0x0000000083500000, 0x0000000083500000, 0x0000000083600000|  0%| F|  |TAMS 0x0000000083500000, 0x0000000083500000| Untracked 
|   8|0x0000000083600000, 0x0000000083600000, 0x0000000083700000|  0%| F|  |TAMS 0x0000000083600000, 0x0000000083600000| Untracked 
|   9|0x0000000083700000, 0x0000000083700000, 0x0000000083800000|  0%| F|  |TAMS 0x0000000083700000, 0x0000000083700000| Untracked 
|  10|0x0000000083800000, 0x0000000083800000, 0x0000000083900000|  0%| F|  |TAMS 0x0000000083800000, 0x0000000083800000| Untracked 
|  11|0x0000000083900000, 0x0000000083900000, 0x0000000083a00000|  0%| F|  |TAMS 0x0000000083900000, 0x0000000083900000| Untracked 
|  12|0x0000000083a00000, 0x0000000083a00000, 0x0000000083b00000|  0%| F|  |TAMS 0x0000000083a00000, 0x0000000083a00000| Untracked 
|  13|0x0000000083b00000, 0x0000000083b00000, 0x0000000083c00000|  0%| F|  |TAMS 0x0000000083b00000, 0x0000000083b00000| Untracked 
|  14|0x0000000083c00000, 0x0000000083c00000, 0x0000000083d00000|  0%| F|  |TAMS 0x0000000083c00000, 0x0000000083c00000| Untracked 
|  15|0x0000000083d00000, 0x0000000083d00000, 0x0000000083e00000|  0%| F|  |TAMS 0x0000000083d00000, 0x0000000083d00000| Untracked 
|  16|0x0000000083e00000, 0x0000000083e00000, 0x0000000083f00000|  0%| F|  |TAMS 0x0000000083e00000, 0x0000000083e00000| Untracked 
|  17|0x0000000083f00000, 0x0000000083f00000, 0x0000000084000000|  0%| F|  |TAMS 0x0000000083f00000, 0x0000000083f00000| Untracked 
|  18|0x0000000084000000, 0x0000000084000000, 0x0000000084100000|  0%| F|  |TAMS 0x0000000084000000, 0x0000000084000000| Untracked 
|  19|0x0000000084100000, 0x0000000084100000, 0x0000000084200000|  0%| F|  |TAMS 0x0000000084100000, 0x0000000084100000| Untracked 
|  20|0x0000000084200000, 0x0000000084200000, 0x0000000084300000|  0%| F|  |TAMS 0x0000000084200000, 0x0000000084200000| Untracked 
|  21|0x0000000084300000, 0x0000000084300000, 0x0000000084400000|  0%| F|  |TAMS 0x0000000084300000, 0x0000000084300000| Untracked 
|  22|0x0000000084400000, 0x0000000084400000, 0x0000000084500000|  0%| F|  |TAMS 0x0000000084400000, 0x0000000084400000| Untracked 
|  23|0x0000000084500000, 0x0000000084500000, 0x0000000084600000|  0%| F|  |TAMS 0x0000000084500000, 0x0000000084500000| Untracked 
|  24|0x0000000084600000, 0x0000000084600000, 0x0000000084700000|  0%| F|  |TAMS 0x0000000084600000, 0x0000000084600000| Untracked 
|  25|0x0000000084700000, 0x0000000084700000, 0x0000000084800000|  0%| F|  |TAMS 0x0000000084700000, 0x0000000084700000| Untracked 
|  26|0x0000000084800000, 0x0000000084800000, 0x0000000084900000|  0%| F|  |TAMS 0x0000000084800000, 0x0000000084800000| Untracked 
|  27|0x0000000084900000, 0x0000000084900000, 0x0000000084a00000|  0%| F|  |TAMS 0x0000000084900000, 0x0000000084900000| Untracked 
|  28|0x0000000084a00000, 0x0000000084a00000, 0x0000000084b00000|  0%| F|  |TAMS 0x0000000084a00000, 0x0000000084a00000| Untracked 
|  29|0x0000000084b00000, 0x0000000084b00000, 0x0000000084c00000|  0%| F|  |TAMS 0x0000000084b00000, 0x0000000084b00000| Untracked 
|  30|0x0000000084c00000, 0x0000000084c00000, 0x0000000084d00000|  0%| F|  |TAMS 0x0000000084c00000, 0x0000000084c00000| Untracked 
|  31|0x0000000084d00000, 0x0000000084d00000, 0x0000000084e00000|  0%| F|  |TAMS 0x0000000084d00000, 0x0000000084d00000| Untracked 
|  32|0x0000000084e00000, 0x0000000084e00000, 0x0000000084f00000|  0%| F|  |TAMS 0x0000000084e00000, 0x0000000084e00000| Untracked 
|  33|0x0000000084f00000, 0x0000000084f00000, 0x0000000085000000|  0%| F|  |TAMS 0x0000000084f00000, 0x0000000084f00000| Untracked 
|  34|0x0000000085000000, 0x0000000085000000, 0x0000000085100000|  0%| F|  |TAMS 0x0000000085000000, 0x0000000085000000| Untracked 
|  35|0x0000000085100000, 0x0000000085100000, 0x0000000085200000|  0%| F|  |TAMS 0x0000000085100000, 0x0000000085100000| Untracked 
|  36|0x0000000085200000, 0x0000000085200000, 0x0000000085300000|  0%| F|  |TAMS 0x0000000085200000, 0x0000000085200000| Untracked 
|  37|0x0000000085300000, 0x0000000085300000, 0x0000000085400000|  0%| F|  |TAMS 0x0000000085300000, 0x0000000085300000| Untracked 
|  38|0x0000000085400000, 0x0000000085400000, 0x0000000085500000|  0%| F|  |TAMS 0x0000000085400000, 0x0000000085400000| Untracked 
|  39|0x0000000085500000, 0x0000000085500000, 0x0000000085600000|  0%| F|  |TAMS 0x0000000085500000, 0x0000000085500000| Untracked 
|  40|0x0000000085600000, 0x0000000085600000, 0x0000000085700000|  0%| F|  |TAMS 0x0000000085600000, 0x0000000085600000| Untracked 
|  41|0x0000000085700000, 0x0000000085700000, 0x0000000085800000|  0%| F|  |TAMS 0x0000000085700000, 0x0000000085700000| Untracked 
|  42|0x0000000085800000, 0x0000000085800000, 0x0000000085900000|  0%| F|  |TAMS 0x0000000085800000, 0x0000000085800000| Untracked 
|  43|0x0000000085900000, 0x0000000085900000, 0x0000000085a00000|  0%| F|  |TAMS 0x0000000085900000, 0x0000000085900000| Untracked 
|  44|0x0000000085a00000, 0x0000000085a00000, 0x0000000085b00000|  0%| F|  |TAMS 0x0000000085a00000, 0x0000000085a00000| Untracked 
|  45|0x0000000085b00000, 0x0000000085b00000, 0x0000000085c00000|  0%| F|  |TAMS 0x0000000085b00000, 0x0000000085b00000| Untracked 
|  46|0x0000000085c00000, 0x0000000085c00000, 0x0000000085d00000|  0%| F|  |TAMS 0x0000000085c00000, 0x0000000085c00000| Untracked 
|  47|0x0000000085d00000, 0x0000000085d00000, 0x0000000085e00000|  0%| F|  |TAMS 0x0000000085d00000, 0x0000000085d00000| Untracked 
|  48|0x0000000085e00000, 0x0000000085e00000, 0x0000000085f00000|  0%| F|  |TAMS 0x0000000085e00000, 0x0000000085e00000| Untracked 
|  49|0x0000000085f00000, 0x0000000085f00000, 0x0000000086000000|  0%| F|  |TAMS 0x0000000085f00000, 0x0000000085f00000| Untracked 
|  50|0x0000000086000000, 0x0000000086000000, 0x0000000086100000|  0%| F|  |TAMS 0x0000000086000000, 0x0000000086000000| Untracked 
|  51|0x0000000086100000, 0x0000000086100000, 0x0000000086200000|  0%| F|  |TAMS 0x0000000086100000, 0x0000000086100000| Untracked 
|  52|0x0000000086200000, 0x0000000086200000, 0x0000000086300000|  0%| F|  |TAMS 0x0000000086200000, 0x0000000086200000| Untracked 
|  53|0x0000000086300000, 0x0000000086300000, 0x0000000086400000|  0%| F|  |TAMS 0x0000000086300000, 0x0000000086300000| Untracked 
|  54|0x0000000086400000, 0x0000000086400000, 0x0000000086500000|  0%| F|  |TAMS 0x0000000086400000, 0x0000000086400000| Untracked 
|  55|0x0000000086500000, 0x0000000086500000, 0x0000000086600000|  0%| F|  |TAMS 0x0000000086500000, 0x0000000086500000| Untracked 
|  56|0x0000000086600000, 0x0000000086600000, 0x0000000086700000|  0%| F|  |TAMS 0x0000000086600000, 0x0000000086600000| Untracked 
|  57|0x0000000086700000, 0x0000000086700000, 0x0000000086800000|  0%| F|  |TAMS 0x0000000086700000, 0x0000000086700000| Untracked 
|  58|0x0000000086800000, 0x0000000086800000, 0x0000000086900000|  0%| F|  |TAMS 0x0000000086800000, 0x0000000086800000| Untracked 
|  59|0x0000000086900000, 0x0000000086900000, 0x0000000086a00000|  0%| F|  |TAMS 0x0000000086900000, 0x0000000086900000| Untracked 
|  60|0x0000000086a00000, 0x0000000086a00000, 0x0000000086b00000|  0%| F|  |TAMS 0x0000000086a00000, 0x0000000086a00000| Untracked 
|  61|0x0000000086b00000, 0x0000000086b00000, 0x0000000086c00000|  0%| F|  |TAMS 0x0000000086b00000, 0x0000000086b00000| Untracked 
|  62|0x0000000086c00000, 0x0000000086c00000, 0x0000000086d00000|  0%| F|  |TAMS 0x0000000086c00000, 0x0000000086c00000| Untracked 
|  63|0x0000000086d00000, 0x0000000086d00000, 0x0000000086e00000|  0%| F|  |TAMS 0x0000000086d00000, 0x0000000086d00000| Untracked 
|  64|0x0000000086e00000, 0x0000000086e00000, 0x0000000086f00000|  0%| F|  |TAMS 0x0000000086e00000, 0x0000000086e00000| Untracked 
|  65|0x0000000086f00000, 0x0000000086f00000, 0x0000000087000000|  0%| F|  |TAMS 0x0000000086f00000, 0x0000000086f00000| Untracked 
|  66|0x0000000087000000, 0x0000000087000000, 0x0000000087100000|  0%| F|  |TAMS 0x0000000087000000, 0x0000000087000000| Untracked 
|  67|0x0000000087100000, 0x0000000087100000, 0x0000000087200000|  0%| F|  |TAMS 0x0000000087100000, 0x0000000087100000| Untracked 
|  68|0x0000000087200000, 0x0000000087200000, 0x0000000087300000|  0%| F|  |TAMS 0x0000000087200000, 0x0000000087200000| Untracked 
|  69|0x0000000087300000, 0x0000000087300000, 0x0000000087400000|  0%| F|  |TAMS 0x0000000087300000, 0x0000000087300000| Untracked 
|  70|0x0000000087400000, 0x0000000087400000, 0x0000000087500000|  0%| F|  |TAMS 0x0000000087400000, 0x0000000087400000| Untracked 
|  71|0x0000000087500000, 0x0000000087500000, 0x0000000087600000|  0%| F|  |TAMS 0x0000000087500000, 0x0000000087500000| Untracked 
|  72|0x0000000087600000, 0x0000000087600000, 0x0000000087700000|  0%| F|  |TAMS 0x0000000087600000, 0x0000000087600000| Untracked 
|  73|0x0000000087700000, 0x0000000087700000, 0x0000000087800000|  0%| F|  |TAMS 0x0000000087700000, 0x0000000087700000| Untracked 
|  74|0x0000000087800000, 0x0000000087800000, 0x0000000087900000|  0%| F|  |TAMS 0x0000000087800000, 0x0000000087800000| Untracked 
|  75|0x0000000087900000, 0x0000000087900000, 0x0000000087a00000|  0%| F|  |TAMS 0x0000000087900000, 0x0000000087900000| Untracked 
|  76|0x0000000087a00000, 0x0000000087a00000, 0x0000000087b00000|  0%| F|  |TAMS 0x0000000087a00000, 0x0000000087a00000| Untracked 
|  77|0x0000000087b00000, 0x0000000087b00000, 0x0000000087c00000|  0%| F|  |TAMS 0x0000000087b00000, 0x0000000087b00000| Untracked 
|  78|0x0000000087c00000, 0x0000000087c00000, 0x0000000087d00000|  0%| F|  |TAMS 0x0000000087c00000, 0x0000000087c00000| Untracked 
|  79|0x0000000087d00000, 0x0000000087d00000, 0x0000000087e00000|  0%| F|  |TAMS 0x0000000087d00000, 0x0000000087d00000| Untracked 
|  80|0x0000000087e00000, 0x0000000087e00000, 0x0000000087f00000|  0%| F|  |TAMS 0x0000000087e00000, 0x0000000087e00000| Untracked 
|  81|0x0000000087f00000, 0x0000000087f00000, 0x0000000088000000|  0%| F|  |TAMS 0x0000000087f00000, 0x0000000087f00000| Untracked 
|  82|0x0000000088000000, 0x0000000088000000, 0x0000000088100000|  0%| F|  |TAMS 0x0000000088000000, 0x0000000088000000| Untracked 
|  83|0x0000000088100000, 0x0000000088100000, 0x0000000088200000|  0%| F|  |TAMS 0x0000000088100000, 0x0000000088100000| Untracked 
|  84|0x0000000088200000, 0x0000000088200000, 0x0000000088300000|  0%| F|  |TAMS 0x0000000088200000, 0x0000000088200000| Untracked 
|  85|0x0000000088300000, 0x0000000088300000, 0x0000000088400000|  0%| F|  |TAMS 0x0000000088300000, 0x0000000088300000| Untracked 
|  86|0x0000000088400000, 0x0000000088400000, 0x0000000088500000|  0%| F|  |TAMS 0x0000000088400000, 0x0000000088400000| Untracked 
|  87|0x0000000088500000, 0x0000000088500000, 0x0000000088600000|  0%| F|  |TAMS 0x0000000088500000, 0x0000000088500000| Untracked 
|  88|0x0000000088600000, 0x0000000088600000, 0x0000000088700000|  0%| F|  |TAMS 0x0000000088600000, 0x0000000088600000| Untracked 
|  89|0x0000000088700000, 0x0000000088700000, 0x0000000088800000|  0%| F|  |TAMS 0x0000000088700000, 0x0000000088700000| Untracked 
|  90|0x0000000088800000, 0x0000000088800000, 0x0000000088900000|  0%| F|  |TAMS 0x0000000088800000, 0x0000000088800000| Untracked 
|  91|0x0000000088900000, 0x0000000088900000, 0x0000000088a00000|  0%| F|  |TAMS 0x0000000088900000, 0x0000000088900000| Untracked 
|  92|0x0000000088a00000, 0x0000000088a00000, 0x0000000088b00000|  0%| F|  |TAMS 0x0000000088a00000, 0x0000000088a00000| Untracked 
|  93|0x0000000088b00000, 0x0000000088b00000, 0x0000000088c00000|  0%| F|  |TAMS 0x0000000088b00000, 0x0000000088b00000| Untracked 
|  94|0x0000000088c00000, 0x0000000088c00000, 0x0000000088d00000|  0%| F|  |TAMS 0x0000000088c00000, 0x0000000088c00000| Untracked 
|  95|0x0000000088d00000, 0x0000000088d00000, 0x0000000088e00000|  0%| F|  |TAMS 0x0000000088d00000, 0x0000000088d00000| Untracked 
|  96|0x0000000088e00000, 0x0000000088e00000, 0x0000000088f00000|  0%| F|  |TAMS 0x0000000088e00000, 0x0000000088e00000| Untracked 
|  97|0x0000000088f00000, 0x0000000088f00000, 0x0000000089000000|  0%| F|  |TAMS 0x0000000088f00000, 0x0000000088f00000| Untracked 
|  98|0x0000000089000000, 0x0000000089000000, 0x0000000089100000|  0%| F|  |TAMS 0x0000000089000000, 0x0000000089000000| Untracked 
|  99|0x0000000089100000, 0x0000000089100000, 0x0000000089200000|  0%| F|  |TAMS 0x0000000089100000, 0x0000000089100000| Untracked 
| 100|0x0000000089200000, 0x0000000089200000, 0x0000000089300000|  0%| F|  |TAMS 0x0000000089200000, 0x0000000089200000| Untracked 
| 101|0x0000000089300000, 0x0000000089300000, 0x0000000089400000|  0%| F|  |TAMS 0x0000000089300000, 0x0000000089300000| Untracked 
| 102|0x0000000089400000, 0x0000000089400000, 0x0000000089500000|  0%| F|  |TAMS 0x0000000089400000, 0x0000000089400000| Untracked 
| 103|0x0000000089500000, 0x0000000089500000, 0x0000000089600000|  0%| F|  |TAMS 0x0000000089500000, 0x0000000089500000| Untracked 
| 104|0x0000000089600000, 0x0000000089600000, 0x0000000089700000|  0%| F|  |TAMS 0x0000000089600000, 0x0000000089600000| Untracked 
| 105|0x0000000089700000, 0x0000000089700000, 0x0000000089800000|  0%| F|  |TAMS 0x0000000089700000, 0x0000000089700000| Untracked 
| 106|0x0000000089800000, 0x0000000089800000, 0x0000000089900000|  0%| F|  |TAMS 0x0000000089800000, 0x0000000089800000| Untracked 
| 107|0x0000000089900000, 0x0000000089995768, 0x0000000089a00000| 58%| E|  |TAMS 0x0000000089900000, 0x0000000089900000| Complete 
| 108|0x0000000089a00000, 0x0000000089b00000, 0x0000000089b00000|100%| E|  |TAMS 0x0000000089a00000, 0x0000000089a00000| Complete 
| 109|0x0000000089b00000, 0x0000000089c00000, 0x0000000089c00000|100%| E|CS|TAMS 0x0000000089b00000, 0x0000000089b00000| Complete 
| 110|0x0000000089c00000, 0x0000000089d00000, 0x0000000089d00000|100%| E|CS|TAMS 0x0000000089c00000, 0x0000000089c00000| Complete 
| 111|0x0000000089d00000, 0x0000000089e00000, 0x0000000089e00000|100%| E|CS|TAMS 0x0000000089d00000, 0x0000000089d00000| Complete 
| 112|0x0000000089e00000, 0x0000000089f00000, 0x0000000089f00000|100%| E|CS|TAMS 0x0000000089e00000, 0x0000000089e00000| Complete 
| 113|0x0000000089f00000, 0x000000008a000000, 0x000000008a000000|100%| E|CS|TAMS 0x0000000089f00000, 0x0000000089f00000| Complete 
| 114|0x000000008a000000, 0x000000008a100000, 0x000000008a100000|100%| E|CS|TAMS 0x000000008a000000, 0x000000008a000000| Complete 
| 115|0x000000008a100000, 0x000000008a200000, 0x000000008a200000|100%| E|CS|TAMS 0x000000008a100000, 0x000000008a100000| Complete 
| 116|0x000000008a200000, 0x000000008a300000, 0x000000008a300000|100%| E|CS|TAMS 0x000000008a200000, 0x000000008a200000| Complete 
| 117|0x000000008a300000, 0x000000008a400000, 0x000000008a400000|100%| E|CS|TAMS 0x000000008a300000, 0x000000008a300000| Complete 
| 118|0x000000008a400000, 0x000000008a500000, 0x000000008a500000|100%| E|CS|TAMS 0x000000008a400000, 0x000000008a400000| Complete 
| 119|0x000000008a500000, 0x000000008a600000, 0x000000008a600000|100%| E|CS|TAMS 0x000000008a500000, 0x000000008a500000| Complete 
| 120|0x000000008a600000, 0x000000008a700000, 0x000000008a700000|100%| E|CS|TAMS 0x000000008a600000, 0x000000008a600000| Complete 
| 121|0x000000008a700000, 0x000000008a800000, 0x000000008a800000|100%| E|CS|TAMS 0x000000008a700000, 0x000000008a700000| Complete 
| 122|0x000000008a800000, 0x000000008a900000, 0x000000008a900000|100%| E|CS|TAMS 0x000000008a800000, 0x000000008a800000| Complete 
| 123|0x000000008a900000, 0x000000008aa00000, 0x000000008aa00000|100%| E|CS|TAMS 0x000000008a900000, 0x000000008a900000| Complete 
| 124|0x000000008aa00000, 0x000000008ab00000, 0x000000008ab00000|100%| E|CS|TAMS 0x000000008aa00000, 0x000000008aa00000| Complete 
| 125|0x000000008ab00000, 0x000000008ac00000, 0x000000008ac00000|100%| E|CS|TAMS 0x000000008ab00000, 0x000000008ab00000| Complete 

Card table byte_map: [0x000001aa74e40000,0x000001aa75230000] _byte_map_base: 0x000001aa74a29000

Marking Bits (Prev, Next): (CMBitMap*) 0x000001aa6c169748, (CMBitMap*) 0x000001aa6c169788
 Prev Bits: [0x000001aa75620000, 0x000001aa77568000)
 Next Bits: [0x000001aa77570000, 0x000001aa794b8000)

Polling page: 0x000001aa6a0a0000

Metaspace:

Usage:
  Non-class:      8.04 MB capacity,     5.34 MB ( 66%) used,     2.69 MB ( 33%) free+waste,    10.44 KB ( <1%) overhead. 
      Class:    618.00 KB capacity,   289.27 KB ( 47%) used,   324.04 KB ( 52%) free+waste,     4.69 KB ( <1%) overhead. 
       Both:      8.65 MB capacity,     5.62 MB ( 65%) used,     3.01 MB ( 35%) free+waste,    15.13 KB ( <1%) overhead. 

Virtual space:
  Non-class space:       10.00 MB reserved,       8.25 MB ( 83%) committed 
      Class space:        1.00 GB reserved,     640.00 KB ( <1%) committed 
             Both:        1.01 GB reserved,       8.88 MB ( <1%) committed 

Chunk freelists:
   Non-Class:  83.00 KB
       Class:  22.00 KB
        Both:  105.00 KB

MaxMetaspaceSize: 17179869184.00 GB
CompressedClassSpaceSize: 1.00 GB

CodeHeap 'non-profiled nmethods': size=120000Kb used=263Kb max_used=263Kb free=119736Kb
 bounds [0x000001aa07ad0000, 0x000001aa07d40000, 0x000001aa0f000000]
CodeHeap 'profiled nmethods': size=120000Kb used=1362Kb max_used=1362Kb free=118637Kb
 bounds [0x000001aa005a0000, 0x000001aa00810000, 0x000001aa07ad0000]
CodeHeap 'non-nmethods': size=5760Kb used=1611Kb max_used=1626Kb free=4148Kb
 bounds [0x000001aa00000000, 0x000001aa00270000, 0x000001aa005a0000]
 total_blobs=2242 nmethods=794 adapters=905
 compilation: enabled
              stopped_count=0, restarted_count=0
 full_count=0

Compilation events (20 events):
Event: 0.770 Thread 0x000001aa7bfbc000  784       3       sun.nio.ch.Util::isBufferTooLarge (15 bytes)
Event: 0.771 Thread 0x000001aa7bfbc000 nmethod 784 0x000001aa006f0110 code [0x000001aa006f02c0, 0x000001aa006f0478]
Event: 0.771 Thread 0x000001aa7bfbc000  785       3       java.nio.HeapByteBuffer::ix (7 bytes)
Event: 0.771 Thread 0x000001aa7bfbc000 nmethod 785 0x000001aa006f0510 code [0x000001aa006f06a0, 0x000001aa006f0818]
Event: 0.771 Thread 0x000001aa7bfbc000  786       3       java.nio.ByteBuffer::flip (7 bytes)
Event: 0.771 Thread 0x000001aa7bfbc000 nmethod 786 0x000001aa006f0890 code [0x000001aa006f0a40, 0x000001aa006f0c38]
Event: 0.771 Thread 0x000001aa7bfbc000  787       3       java.nio.Buffer::flip (20 bytes)
Event: 0.771 Thread 0x000001aa7bfbc000 nmethod 787 0x000001aa006f0d10 code [0x000001aa006f0ea0, 0x000001aa006f1038]
Event: 0.771 Thread 0x000001aa7bfbc000  789       3       sun.nio.ch.FileChannelImpl::ensureOpen (16 bytes)
Event: 0.771 Thread 0x000001aa7bfbc000 nmethod 789 0x000001aa006f1110 code [0x000001aa006f12e0, 0x000001aa006f15d0]
Event: 0.771 Thread 0x000001aa7bfbc000  790   !   3       sun.nio.ch.NativeThreadSet::add (155 bytes)
Event: 0.772 Thread 0x000001aa7bfbc000 nmethod 790 0x000001aa006f1710 code [0x000001aa006f1900, 0x000001aa006f2070]
Event: 0.772 Thread 0x000001aa7bfbc000  791   !   3       sun.nio.ch.NativeThreadSet::remove (50 bytes)
Event: 0.772 Thread 0x000001aa7bfbc000 nmethod 791 0x000001aa006f2310 code [0x000001aa006f24c0, 0x000001aa006f28f0]
Event: 0.775 Thread 0x000001aa7bfbc000  792       3       jdk.internal.jimage.ImageStringsReader::get (9 bytes)
Event: 0.775 Thread 0x000001aa7bfbc000 nmethod 792 0x000001aa006f2a90 code [0x000001aa006f2c40, 0x000001aa006f2e90]
Event: 0.775 Thread 0x000001aa7bfbc000  793       3       jdk.internal.jimage.BasicImageReader::getString (49 bytes)
Event: 0.775 Thread 0x000001aa7bfbc000 nmethod 793 0x000001aa006f2f90 code [0x000001aa006f31e0, 0x000001aa006f3d20]
Event: 0.775 Thread 0x000001aa7bfbc000  794       3       jdk.internal.jimage.ImageStringsReader::stringFromByteBuffer (28 bytes)
Event: 0.775 Thread 0x000001aa7bfbc000 nmethod 794 0x000001aa006f4090 code [0x000001aa006f4280, 0x000001aa006f46e0]

GC Heap History (0 events):
No events

Deoptimization events (20 events):
Event: 0.114 Thread 0x000001aa6c122000 DEOPT PACKING pc=0x000001aa07ad9690 sp=0x00000057adffe0f0
Event: 0.114 Thread 0x000001aa6c122000 DEOPT UNPACKING pc=0x000001aa0004912f sp=0x00000057adffe078 mode 2
Event: 0.123 Thread 0x000001aa6c122000 DEOPT PACKING pc=0x000001aa005e0bb2 sp=0x00000057adffa620
Event: 0.123 Thread 0x000001aa6c122000 DEOPT UNPACKING pc=0x000001aa0004964e sp=0x00000057adff9a88 mode 0
Event: 0.128 Thread 0x000001aa6c122000 DEOPT PACKING pc=0x000001aa005de5e8 sp=0x00000057adff9f20
Event: 0.128 Thread 0x000001aa6c122000 DEOPT UNPACKING pc=0x000001aa0004964e sp=0x00000057adff9378 mode 0
Event: 0.187 Thread 0x000001aa6c122000 Uncommon trap: trap_request=0xffffff45 fr.pc=0x000001aa07ad7764 relative=0x0000000000000044
Event: 0.187 Thread 0x000001aa6c122000 Uncommon trap: reason=unstable_if action=reinterpret pc=0x000001aa07ad7764 method=java.lang.CharacterData.of(I)Ljava/lang/CharacterData; @ 4 c2
Event: 0.187 Thread 0x000001aa6c122000 DEOPT PACKING pc=0x000001aa07ad7764 sp=0x00000057adffb0a0
Event: 0.187 Thread 0x000001aa6c122000 DEOPT UNPACKING pc=0x000001aa0004912f sp=0x00000057adffb040 mode 2
Event: 0.578 Thread 0x000001aa6c122000 Uncommon trap: trap_request=0xffffff54 fr.pc=0x000001aa07b03a90 relative=0x0000000000000070
Event: 0.578 Thread 0x000001aa6c122000 Uncommon trap: reason=speculate_null_assert action=make_not_entrant pc=0x000001aa07b03a90 method=sun.misc.Unsafe.putLong(Ljava/lang/Object;JJ)V @ 7 c2
Event: 0.578 Thread 0x000001aa6c122000 DEOPT PACKING pc=0x000001aa07b03a90 sp=0x00000057adffee00
Event: 0.578 Thread 0x000001aa6c122000 DEOPT UNPACKING pc=0x000001aa0004912f sp=0x00000057adffed78 mode 2
Event: 0.658 Thread 0x000001aa6c122000 DEOPT PACKING pc=0x000001aa005fec5f sp=0x00000057adffd730
Event: 0.658 Thread 0x000001aa6c122000 DEOPT UNPACKING pc=0x000001aa0004964e sp=0x00000057adffcb80 mode 0
Event: 0.714 Thread 0x000001aa6c122000 Uncommon trap: trap_request=0xffffff45 fr.pc=0x000001aa07b05ea4 relative=0x0000000000001004
Event: 0.714 Thread 0x000001aa6c122000 Uncommon trap: reason=unstable_if action=reinterpret pc=0x000001aa07b05ea4 method=java.util.LinkedHashMap.linkNodeLast(Ljava/util/LinkedHashMap$Entry;)V @ 11 c2
Event: 0.714 Thread 0x000001aa6c122000 DEOPT PACKING pc=0x000001aa07b05ea4 sp=0x00000057adff9c40
Event: 0.714 Thread 0x000001aa6c122000 DEOPT UNPACKING pc=0x000001aa0004912f sp=0x00000057adff9af0 mode 2

Classes unloaded (0 events):
No events

Classes redefined (0 events):
No events

Internal exceptions (15 events):
Event: 0.144 Thread 0x000001aa6c122000 Exception <a 'java/lang/NoSuchMethodError'{0x000000008a734c98}: 'void java.lang.invoke.DelegatingMethodHandle$Holder.delegate(java.lang.Object, java.lang.Object, int, java.lang.Object)'> (0x000000008a734c98) 
thrown [t:/workspace/open/src/hotspot/share/interpreter/linkResolver.cpp, line 767]
Event: 0.145 Thread 0x000001aa6c122000 Exception <a 'java/lang/NoSuchMethodError'{0x000000008a73b9f0}: 'java.lang.Object java.lang.invoke.DirectMethodHandle$Holder.invokeStaticInit(java.lang.Object, java.lang.Object, java.lang.Object)'> (0x000000008a73b9f0) 
thrown [t:/workspace/open/src/hotspot/share/interpreter/linkResolver.cpp, line 767]
Event: 0.175 Thread 0x000001aa6c122000 Exception <a 'sun/nio/fs/WindowsException'{0x000000008a7b0a00}> (0x000000008a7b0a00) 
thrown [t:/workspace/open/src/hotspot/share/prims/jni.cpp, line 598]
Event: 0.175 Thread 0x000001aa6c122000 Exception <a 'sun/nio/fs/WindowsException'{0x000000008a7b0f58}> (0x000000008a7b0f58) 
thrown [t:/workspace/open/src/hotspot/share/prims/jni.cpp, line 598]
Event: 0.211 Thread 0x000001aa6c122000 Exception <a 'sun/nio/fs/WindowsException'{0x000000008a56ea60}> (0x000000008a56ea60) 
thrown [t:/workspace/open/src/hotspot/share/prims/jni.cpp, line 598]
Event: 0.211 Thread 0x000001aa6c122000 Exception <a 'sun/nio/fs/WindowsException'{0x000000008a56edd0}> (0x000000008a56edd0) 
thrown [t:/workspace/open/src/hotspot/share/prims/jni.cpp, line 598]
Event: 0.488 Thread 0x000001aa6c122000 Exception <a 'java/lang/NoSuchMethodError'{0x000000008a5f2ed8}: 'void java.lang.invoke.DirectMethodHandle$Holder.invokeStaticInit(java.lang.Object, long, double, double)'> (0x000000008a5f2ed8) 
thrown [t:/workspace/open/src/hotspot/share/interpreter/linkResolver.cpp, line 767]
Event: 0.490 Thread 0x000001aa6c122000 Exception <a 'java/lang/NoSuchMethodError'{0x000000008a4078e8}: 'void java.lang.invoke.DirectMethodHandle$Holder.invokeStaticInit(java.lang.Object, long, int, int, int)'> (0x000000008a4078e8) 
thrown [t:/workspace/open/src/hotspot/share/interpreter/linkResolver.cpp, line 767]
Event: 0.495 Thread 0x000001aa6c122000 Exception <a 'java/lang/NoSuchMethodError'{0x000000008a42b688}: 'void java.lang.invoke.DirectMethodHandle$Holder.invokeStaticInit(java.lang.Object, long, int, int, int, int)'> (0x000000008a42b688) 
thrown [t:/workspace/open/src/hotspot/share/interpreter/linkResolver.cpp, line 767]
Event: 0.534 Thread 0x000001aa6c122000 Exception <a 'sun/nio/fs/WindowsException'{0x000000008a482458}> (0x000000008a482458) 
thrown [t:/workspace/open/src/hotspot/share/prims/jni.cpp, line 598]
Event: 0.534 Thread 0x000001aa6c122000 Exception <a 'sun/nio/fs/WindowsException'{0x000000008a482808}> (0x000000008a482808) 
thrown [t:/workspace/open/src/hotspot/share/prims/jni.cpp, line 598]
Event: 0.539 Thread 0x000001aa6c122000 Exception <a 'sun/nio/fs/WindowsException'{0x000000008a4a0340}> (0x000000008a4a0340) 
thrown [t:/workspace/open/src/hotspot/share/prims/jni.cpp, line 598]
Event: 0.539 Thread 0x000001aa6c122000 Exception <a 'sun/nio/fs/WindowsException'{0x000000008a4a0628}> (0x000000008a4a0628) 
thrown [t:/workspace/open/src/hotspot/share/prims/jni.cpp, line 598]
Event: 0.772 Thread 0x000001aa6c122000 Exception <a 'sun/nio/fs/WindowsException'{0x0000000089967848}> (0x0000000089967848) 
thrown [t:/workspace/open/src/hotspot/share/prims/jni.cpp, line 598]
Event: 0.772 Thread 0x000001aa6c122000 Exception <a 'sun/nio/fs/WindowsException'{0x0000000089967bd0}> (0x0000000089967bd0) 
thrown [t:/workspace/open/src/hotspot/share/prims/jni.cpp, line 598]

Events (20 events):
Event: 0.742 loading class org/lwjgl/opengl/GL15C done
Event: 0.742 loading class org/lwjgl/opengl/GL14C
Event: 0.742 loading class org/lwjgl/opengl/GL14C done
Event: 0.743 loading class org/lwjgl/opengl/GL13C
Event: 0.743 loading class org/lwjgl/opengl/GL13C done
Event: 0.743 loading class org/lwjgl/opengl/GL12C
Event: 0.743 loading class org/lwjgl/opengl/GL12C done
Event: 0.744 loading class org/lwjgl/opengl/GL11C
Event: 0.744 loading class org/lwjgl/opengl/GL11C done
Event: 0.746 loading class org/lwjgl/system/APIUtil$Encoder
Event: 0.746 loading class org/lwjgl/system/APIUtil$Encoder done
Event: 0.746 loading class org/lwjgl/system/APIUtil$Encoder
Event: 0.746 loading class org/lwjgl/system/APIUtil$Encoder done
Event: 0.760 loading class Renderer/Texture
Event: 0.760 loading class Renderer/Texture done
Event: 0.761 loading class org/lwjgl/stb/STBImage
Event: 0.761 loading class org/lwjgl/stb/STBImage done
Event: 0.763 loading class org/lwjgl/stb/LibSTB
Event: 0.763 loading class org/lwjgl/stb/LibSTB done
Event: 0.774 Loaded shared library C:\Users\irava\AppData\Local\Temp\lwjglirava\3.2.3-build-13\lwjgl_stb.dll


Dynamic libraries:
0x00007ff7701c0000 - 0x00007ff7701cf000 	C:\Program Files\Java\jdk-13.0.2\bin\java.exe
0x00007ffb40b20000 - 0x00007ffb40d10000 	C:\Windows\SYSTEM32\ntdll.dll
0x00007ffb40400000 - 0x00007ffb404b2000 	C:\Windows\System32\KERNEL32.DLL
0x00007ffb3e410000 - 0x00007ffb3e6b5000 	C:\Windows\System32\KERNELBASE.dll
0x00007ffb3b4d0000 - 0x00007ffb3b55f000 	C:\Windows\SYSTEM32\apphelp.dll
0x00007ffb3ead0000 - 0x00007ffb3ebca000 	C:\Windows\System32\ucrtbase.dll
0x00007ffb2d050000 - 0x00007ffb2d068000 	C:\Program Files\Java\jdk-13.0.2\bin\jli.dll
0x00007ffb23620000 - 0x00007ffb23635000 	C:\Program Files\Java\jdk-13.0.2\bin\VCRUNTIME140.dll
0x00007ffb404c0000 - 0x00007ffb40563000 	C:\Windows\System32\ADVAPI32.dll
0x00007ffb3f650000 - 0x00007ffb3f6ee000 	C:\Windows\System32\msvcrt.dll
0x00007ffb3f060000 - 0x00007ffb3f0f7000 	C:\Windows\System32\sechost.dll
0x00007ffb409c0000 - 0x00007ffb40ae0000 	C:\Windows\System32\RPCRT4.dll
0x00007ffb3f1b0000 - 0x00007ffb3f344000 	C:\Windows\System32\USER32.dll
0x00007ffb3db90000 - 0x00007ffb3dbb1000 	C:\Windows\System32\win32u.dll
0x00007ffb3f5b0000 - 0x00007ffb3f5d6000 	C:\Windows\System32\GDI32.dll
0x00007ffb23e60000 - 0x00007ffb240e4000 	C:\Windows\WinSxS\amd64_microsoft.windows.common-controls_6595b64144ccf1df_6.0.18362.1139_none_9e7bf2d3e4605ac6\COMCTL32.dll
0x00007ffb3e930000 - 0x00007ffb3eac6000 	C:\Windows\System32\gdi32full.dll
0x00007ffb3e890000 - 0x00007ffb3e92e000 	C:\Windows\System32\msvcp_win.dll
0x00007ffb3ec00000 - 0x00007ffb3ef35000 	C:\Windows\System32\combase.dll
0x00007ffb3e810000 - 0x00007ffb3e890000 	C:\Windows\System32\bcryptPrimitives.dll
0x00007ffb36060000 - 0x00007ffb3606a000 	C:\Windows\SYSTEM32\VERSION.dll
0x00007ffb3f420000 - 0x00007ffb3f44e000 	C:\Windows\System32\IMM32.DLL
0x00007ffaf5ee0000 - 0x00007ffaf5f7b000 	C:\Program Files\Java\jdk-13.0.2\bin\msvcp140.dll
0x00007ffac65e0000 - 0x00007ffac713d000 	C:\Program Files\Java\jdk-13.0.2\bin\server\jvm.dll
0x00007ffb3ebd0000 - 0x00007ffb3ebd8000 	C:\Windows\System32\PSAPI.DLL
0x00007ffb16e20000 - 0x00007ffb16e29000 	C:\Windows\SYSTEM32\WSOCK32.dll
0x00007ffb3b190000 - 0x00007ffb3b1b4000 	C:\Windows\SYSTEM32\WINMM.dll
0x00007ffb3f5e0000 - 0x00007ffb3f64f000 	C:\Windows\System32\WS2_32.dll
0x00007ffb3adf0000 - 0x00007ffb3ae1d000 	C:\Windows\SYSTEM32\winmmbase.dll
0x00007ffb3e360000 - 0x00007ffb3e3aa000 	C:\Windows\System32\cfgmgr32.dll
0x00007ffb3da40000 - 0x00007ffb3da51000 	C:\Windows\System32\kernel.appcore.dll
0x00007ffb394c0000 - 0x00007ffb394d0000 	C:\Program Files\Java\jdk-13.0.2\bin\verify.dll
0x00007ffb3c2a0000 - 0x00007ffb3c494000 	C:\Windows\SYSTEM32\DBGHELP.DLL
0x00007ffb12840000 - 0x00007ffb1286a000 	C:\Windows\SYSTEM32\dbgcore.DLL
0x00007ffb221a0000 - 0x00007ffb221c6000 	C:\Program Files\Java\jdk-13.0.2\bin\java.dll
0x00007ffb22250000 - 0x00007ffb22267000 	C:\Program Files\Java\jdk-13.0.2\bin\zip.dll
0x00007ffb377f0000 - 0x00007ffb377fa000 	C:\Program Files\Java\jdk-13.0.2\bin\jimage.dll
0x00007ffb3fb60000 - 0x00007ffb40247000 	C:\Windows\System32\SHELL32.dll
0x00007ffb3f100000 - 0x00007ffb3f1a9000 	C:\Windows\System32\shcore.dll
0x00007ffb3dbe0000 - 0x00007ffb3e360000 	C:\Windows\System32\windows.storage.dll
0x00007ffb3da80000 - 0x00007ffb3daa3000 	C:\Windows\System32\profapi.dll
0x00007ffb3d9f0000 - 0x00007ffb3da3a000 	C:\Windows\System32\powrprof.dll
0x00007ffb3d9e0000 - 0x00007ffb3d9f0000 	C:\Windows\System32\UMPDC.dll
0x00007ffb403a0000 - 0x00007ffb403f2000 	C:\Windows\System32\shlwapi.dll
0x00007ffb3dbc0000 - 0x00007ffb3dbd7000 	C:\Windows\System32\cryptsp.dll
0x00007ffb22130000 - 0x00007ffb22149000 	C:\Program Files\Java\jdk-13.0.2\bin\net.dll
0x00007ffb35c10000 - 0x00007ffb35d00000 	C:\Windows\SYSTEM32\WINHTTP.dll
0x00007ffb3d1f0000 - 0x00007ffb3d257000 	C:\Windows\system32\mswsock.dll
0x00007ffb16d70000 - 0x00007ffb16d83000 	C:\Program Files\Java\jdk-13.0.2\bin\nio.dll
0x00007ffb0c190000 - 0x00007ffb0c1f4000 	C:\Users\irava\AppData\Local\Temp\lwjglirava\3.2.3-build-13\lwjgl.dll
0x00007ffb0bb00000 - 0x00007ffb0bb62000 	C:\Users\irava\AppData\Local\Temp\lwjglirava\3.2.3-build-13\glfw.dll
0x00007ffb3b940000 - 0x00007ffb3b9d9000 	C:\Windows\system32\uxtheme.dll
0x00007ffafa200000 - 0x00007ffafa243000 	C:\Windows\SYSTEM32\dinput8.dll
0x00007ffb24140000 - 0x00007ffb24151000 	C:\Windows\SYSTEM32\xinput1_4.dll
0x00007ffb3d7d0000 - 0x00007ffb3d7fa000 	C:\Windows\SYSTEM32\DEVOBJ.dll
0x00007ffb3bd70000 - 0x00007ffb3bd9d000 	C:\Windows\SYSTEM32\dwmapi.dll
0x00007ffb28a20000 - 0x00007ffb28b3b000 	C:\Windows\SYSTEM32\inputhost.dll
0x00007ffb38950000 - 0x00007ffb38aa3000 	C:\Windows\SYSTEM32\wintypes.dll
0x00007ffb3ad10000 - 0x00007ffb3ade4000 	C:\Windows\SYSTEM32\CoreMessaging.dll
0x00007ffb37d40000 - 0x00007ffb3806a000 	C:\Windows\SYSTEM32\CoreUIComponents.dll
0x00007ffb3b780000 - 0x00007ffb3b870000 	C:\Windows\SYSTEM32\PROPSYS.dll
0x00007ffb402d0000 - 0x00007ffb40395000 	C:\Windows\System32\OLEAUT32.dll
0x00007ffb3c9c0000 - 0x00007ffb3c9f1000 	C:\Windows\SYSTEM32\ntmarta.dll
0x00007ffb405e0000 - 0x00007ffb40715000 	C:\Windows\System32\MSCTF.dll
0x00007ffb3c1e0000 - 0x00007ffb3c1ee000 	C:\Windows\SYSTEM32\HID.DLL
0x00007ffb3f6f0000 - 0x00007ffb3fb60000 	C:\Windows\System32\SETUPAPI.DLL
0x00007ffb3db60000 - 0x00007ffb3db86000 	C:\Windows\System32\bcrypt.dll
0x00007ffb3e3b0000 - 0x00007ffb3e40c000 	C:\Windows\System32\WINTRUST.dll
0x00007ffb3da60000 - 0x00007ffb3da72000 	C:\Windows\System32\MSASN1.dll
0x00007ffb3e6c0000 - 0x00007ffb3e809000 	C:\Windows\System32\CRYPT32.dll
0x00007ffb01350000 - 0x00007ffb014a6000 	C:\Windows\SYSTEM32\opengl32.dll
0x00007ffb02210000 - 0x00007ffb0223c000 	C:\Windows\SYSTEM32\GLU32.dll
0x00007ffb3c5d0000 - 0x00007ffb3c5f0000 	C:\Windows\SYSTEM32\dxcore.dll
0x00007ffab9bc0000 - 0x00007ffabaa2e000 	C:\Windows\System32\DriverStore\FileRepository\iigd_dc_base.inf_amd64_04dfefe2ba7fe997\ig9icd64.dll
0x00007ffb3c660000 - 0x00007ffb3c74b000 	C:\Windows\SYSTEM32\dxgi.dll
0x00007ffae8960000 - 0x00007ffae8a41000 	C:\Windows\System32\DriverStore\FileRepository\iigd_dc_base.inf_amd64_04dfefe2ba7fe997\igdgmm64.dll
0x00007ffb2e170000 - 0x00007ffb300a9000 	C:\Windows\System32\DriverStore\FileRepository\iigd_dc_base.inf_amd64_04dfefe2ba7fe997\igc64.dll
0x00007ffb28b40000 - 0x00007ffb28bde000 	C:\Windows\System32\TextInputFramework.dll
0x00007ffb272a0000 - 0x00007ffb27547000 	C:\Windows\System32\iertutil.dll
0x00007ffaf6cf0000 - 0x00007ffaf6d49000 	C:\Users\irava\AppData\Local\Temp\lwjglirava\3.2.3-build-13\lwjgl_opengl.dll
0x00007ffaef4f0000 - 0x00007ffaef567000 	C:\Users\irava\AppData\Local\Temp\lwjglirava\3.2.3-build-13\lwjgl_stb.dll

dbghelp: loaded successfully - version: 4.0.5 - missing functions: none
symbol engine: initialized successfully - sym options: 0x614 - pdb path: .;C:\Program Files\Java\jdk-13.0.2\bin;C:\Windows\SYSTEM32;C:\Windows\WinSxS\amd64_microsoft.windows.common-controls_6595b64144ccf1df_6.0.18362.1139_none_9e7bf2d3e4605ac6;C:\Program Files\Java\jdk-13.0.2\bin\server;C:\Users\irava\AppData\Local\Temp\lwjglirava\3.2.3-build-13;C:\Windows\System32\DriverStore\FileRepository\iigd_dc_base.inf_amd64_04dfefe2ba7fe997

VM Arguments:
jvm_args: -Dfile.encoding=windows-1252 -Duser.country=FR -Duser.language=fr -Duser.variant -ea 
java_command: Main
java_class_path (initial): C:\Users\irava\IdeaProjects\UnCommonEngine\build\classes\java\main;C:\Users\irava\IdeaProjects\UnCommonEngine\build\resources\main;C:\Users\irava\.gradle\caches\modules-2\files-2.1\org.lwjgl\lwjgl-assimp\3.2.3\f62aa07a20afbdd3097efc296c4841e0d29700eb\lwjgl-assimp-3.2.3.jar;C:\Users\irava\.gradle\caches\modules-2\files-2.1\org.lwjgl\lwjgl-assimp\3.2.3\4e60aeb75f0343c4a9ede4ef8b6b32ca702a00a3\lwjgl-assimp-3.2.3-natives-windows.jar;C:\Users\irava\.gradle\caches\modules-2\files-2.1\org.lwjgl\lwjgl-glfw\3.2.3\5e520d5c290c8b012545a8d34fa5db5ab051ea53\lwjgl-glfw-3.2.3.jar;C:\Users\irava\.gradle\caches\modules-2\files-2.1\org.lwjgl\lwjgl-glfw\3.2.3\b4d8a3477cdc2edcf7a5f1e822926be846223f54\lwjgl-glfw-3.2.3-natives-windows.jar;C:\Users\irava\.gradle\caches\modules-2\files-2.1\org.lwjgl\lwjgl-nfd\3.2.3\c44fee1043c022cf6614a28872d44cf114ca7737\lwjgl-nfd-3.2.3.jar;C:\Users\irava\.gradle\caches\modules-2\files-2.1\org.lwjgl\lwjgl-nfd\3.2.3\32782f5f5c57769efb82af864e70b819c77bc891\lwjgl-nfd-3.2.3-natives-windows.jar;C:\Users\irava\.gradle\caches\modules-2\files-2.1\org.lwjgl\lwjgl-openal\3.2.3\106742e805803ab9eab8e343f0fb31a3d263903c\lwjgl-openal-3.2.3.jar;C:\Users\irava\.gradle\caches\modules-2\files-2.1\org.lwjgl\lwjgl-openal\3.2.3\ec898e8ce11b5886f4f532a1536283ef2817758d\lwjgl-openal-3.2.3-natives-windows.jar;C:\Users\irava\.gradle\caches\modules-2\files-2.1\org.lwjgl\lwjgl-opengl\3.2.3\bdd534a323d0c8f54969b95e424b6ac8984f7d6e\lwjgl-opengl-3.2.3.jar;C:\Users\irava\.gradle\caches\modules-2\files-2.1\org.lwjgl\lwjgl-opengl\3.2.3\e81cfc73ec8708e5e791ed770e4ec3edfc1bbab1\lwjgl-opengl-3.2.3-natives-windows.jar;C:\Users\irava\.gradle\caches\modules-2\files-2.1\org.lwjgl\lwjgl-stb\3.2.3\40eccaa4fa86fc815f2e17946a392fb5fdcc286a\lwjgl-stb-3.2.3.jar;C:\Users\irava\.gradle\caches\modules-2\files-2.1\org.lwjgl\lwjgl-stb\3.2.3\817b21ec286f0ba3dcedb56a3bd275e6a9345be9\lwjgl-stb-3.2.3-natives-windows.jar;C:\Users\irava\.gradle\caches\modules-2\files-2.1\org.lwjgl\
Launcher Type: SUN_STANDARD

[Global flags]
     intx CICompilerCount                          = 4                                         {product} {ergonomic}
     uint ConcGCThreads                            = 2                                         {product} {ergonomic}
     uint G1ConcRefinementThreads                  = 8                                         {product} {ergonomic}
   size_t G1HeapRegionSize                         = 1048576                                   {product} {ergonomic}
    uintx GCDrainStackTargetSize                   = 64                                        {product} {ergonomic}
   size_t InitialHeapSize                          = 132120576                                 {product} {ergonomic}
   size_t MarkStackSize                            = 4194304                                   {product} {ergonomic}
   size_t MaxHeapSize                              = 2099249152                                {product} {ergonomic}
   size_t MaxNewSize                               = 1259339776                                {product} {ergonomic}
   size_t MinHeapDeltaBytes                        = 1048576                                   {product} {ergonomic}
   size_t MinHeapSize                              = 8388608                                   {product} {ergonomic}
    uintx NonNMethodCodeHeapSize                   = 5839372                                {pd product} {ergonomic}
    uintx NonProfiledCodeHeapSize                  = 122909434                              {pd product} {ergonomic}
    uintx ProfiledCodeHeapSize                     = 122909434                              {pd product} {ergonomic}
    uintx ReservedCodeCacheSize                    = 251658240                              {pd product} {ergonomic}
     bool SegmentedCodeCache                       = true                                      {product} {ergonomic}
   size_t SoftMaxHeapSize                          = 2099249152                             {manageable} {ergonomic}
     bool UseCompressedClassPointers               = true                                 {lp64_product} {ergonomic}
     bool UseCompressedOops                        = true                                 {lp64_product} {ergonomic}
     bool UseG1GC                                  = true                                      {product} {ergonomic}
     bool UseLargePagesIndividualAllocation        = false                                  {pd product} {ergonomic}

Logging:
Log output configuration:
 #0: stdout all=warning uptime,level,tags
 #1: stderr all=off uptime,level,tags

Environment Variables:
JAVA_HOME=C:\Program Files\Java\jdk-13.0.2
PATH=C:\Python39\Scripts\;C:\Python39\;C:\ProgramData\Oracle\Java\javapath;C:\windows\system32;C:\windows;C:\windows\System32\Wbem;C:\windows\System32\WindowsPowerShell\v1.0\;C:\windows\System32\OpenSSH\;C:\Program Files (x86)\NVIDIA Corporation\PhysX\Common;C:\Program Files\Intel\WiFi\bin\;C:\Program Files\Common Files\Intel\WirelessCommon\;C:\Windows\system32;C:\Windows;C:\Windows\System32\Wbem;C:\Windows\System32\WindowsPowerShell\v1.0\;C:\Windows\System32\OpenSSH\;C:\Program Files\Git\cmd;C:\MinGW\bin;C:\Program Files\CMake\bin;C:\Program Files\Git LFS;D:\MATLAB\R2019b\bin;C:\Program Files\Java\jdk-13.0.2\bin;D:\Master1Sem2Imagina\Nouveau dossier\apache-ant-1.10.7\bin;C:\Program Files\Microsoft SQL Server\Client SDK\ODBC\170\Tools\Binn\;C:\Program Files (x86)\Microsoft SQL Server\150\Tools\Binn\;C:\Program Files\Microsoft SQL Server\150\Tools\Binn\;C:\Program Files\Microsoft SQL Server\150\DTS\Binn\;C:\Program Files (x86)\Microsoft SQL Server\150\DTS\Binn\;C:\MinGW\msys\1.0\bin;C:\Program Files\PuTTY\;C:\Windows\Microsoft.NET\Framework\v4.0.30319;C:\Program Files\dotnet\;D:\Programs\Node\;C:\ProgramData\chocolatey\bin;C:\Users\irava\AppData\Local\Microsoft\WindowsApps;C:\MinGW\msys\1.0\bin;C:\Users\irava\.dotnet\tools;C:\Users\irava\AppData\Local\atom\bin;C:\Users\irava\AppData\Roaming\npm;D:\Programs\intellij\IntelliJ IDEA Community Edition 2020.2.3\bin;
USERNAME=irava
OS=Windows_NT
PROCESSOR_IDENTIFIER=Intel64 Family 6 Model 158 Stepping 10, GenuineIntel



---------------  S Y S T E M  ---------------

OS: Windows 10 , 64 bit Build 18362 (10.0.18362.1110)
HyperV virtualization detected

CPU:total 8 (initial active 8) (4 cores per cpu, 2 threads per core) family 6 model 158 stepping 10, cmov, cx8, fxsr, mmx, sse, sse2, sse3, ssse3, sse4.1, sse4.2, popcnt, avx, avx2, aes, clmul, erms, 3dnowpref, lzcnt, ht, tsc, tscinvbit, bmi1, bmi2, adx, fma

Memory: 4k page, system-wide physical 8000M (909M free)
TotalPageFile size 22336M (AvailPageFile size 9486M)
current process WorkingSet (physical memory assigned to process): 123M, peak: 123M
current process commit charge ("private bytes"): 238M, peak: 238M

vm_info: Java HotSpot(TM) 64-Bit Server VM (13.0.2+8) for windows-amd64 JRE (13.0.2+8), built on Dec 11 2019 09:20:33 by "mach5one" with unknown MS VC++:1916

END.
